<<<<<<< HEAD
jr2xh1oPtudyqGL4177cOJihJ6IrJav3R
7woWpg9nVN7ZPEf1aykFIoX9764AV09
v8mcGX7dcg0pJ2PIkfaYAhfGkomivM
TOSjuXKUCLJVLjn5MLdU1Gll2VTxr5oKSE1
Kowf6PynB37UebVsMEvphqhlc1Bp3VZNHT0Nqy
zFWbrzTBEM1tBienhpaiI75aY3vPz4O
sZ8s1I6NJxYzcKePsNgySGWU9tTB
TAzZ20r6M84s5eAk135h1VvVz5PTEhtfpqFq
wBBy1EaCwcD1JCXFhWI4zWjqAZhPPWRJfaG
qslS3nmFKzvoHzmljcvGHIdniwQIC773xrV1cFE
9iT7UFo584MRh89bYPmfXpbMIcyYqskyYE
Rr6ZvQ0aY7B5Xxi2kJM1vKXkAHgiTlju
UVES3maEr5Aa5stRtnjQVtgBZ9uJ4U6
Ky25YEubMSgDK565oVaf9lFIdWK7aq4tp6
IqvdJbqbfugRNG7WzKnco7hMwlFjpB4
ziHZYsCTYdqmiLj08JmD097jMqYWvd
KlPsdbJ9D8tvTcuZvgmvpueAkAgdlAU5v
WTFfgNYbo8VN3AAyz2a7kknOVxqbqjXKAkzq
QwbtIe3Sa1SA8CsuYMpOvg6Q0GAy5IRVD3OVfQ
RLOXXHR4bHSWvWwtl6pqNHJYIf1v5wBW
2mpToQiHudlqXWuMKHbdprJonMiwtxUviJ
h5lZiXPD1IYKZ7vNxEBkZueSp9LXQf4
phRK5cMNAguGbFDoPvNHZn6i6e7lgD
uvqxXAIgoBwNQ79n2U4bF9ILlP5RcZuU
QxqidetX0Ie95ge8GtHYD2vIRXpLzF2P
6oVzLVFycLcGRs8iOJiJb7oOQodSBpJHbo
JUttnVAEOGukZa28hqW8c7Your5WfIRwnK
pynBChwlIyrzmL5PSeBMVEq9XH3KbtsRpf
NUkdSZaDugcKKlfnzVwUn0oOrfnfKOefsPGJ
WrX6BppqcoMZJ9X5VMkH13fggV3xmzoGqLM089q
AHFJmIn914A4hokCphxpTDdmYduhSfdc
wh9hqAlyCSlwcacZN3l1qJcky4Nch
bxZIlj1jtRUo33QbQRKRHd40Z8LBnbcO
gJth1m8TaAWyjxQ3MheQfDX1NKczj98NS13RoB
JRL2Oj5lQh94ve5IxhFgoN1HP4gBEbXX
aPZd8yLG2Eu5UrkjVZ6VoTZUen6AL7
WYUdWntWznbTdLA6uFbiiBDLwJTFOT
zbXTOQzOCapnw0toFTXvciGYzjoN
HATncqBbCLC186z0sETPA55Od46PRHI
lS1Zbblxln5rm3hzW77bATDFZaeosJCcjBB
xIViLMSP4Pv9WVJygWVG9K7QUjAfuVQp
V6GyTINNPsqgoWBJmKdtk5asjTN9G62mBGke
zvvpcjJl345evnkWgTz1aF6azHrjtNnrJigtS
T2h7xSpT6GQ6qeCRdRGLKd8BuoqlG
jo2plVeDbvbhjFr8rIOAd0Ims6ceLOz2C2pwXU9
km4ydDnwZxXXDJQHu2cG1dT1SNWuW
ENKA0Vvu4sRc3j0Lb0vrzYI11fXtB89OTTWS
M0KmcMVah6acva9Eb8t613DAPebv6ZNRagDA
jhkJJfrQrQYlXamiiBMK6RtUsR85a8jJp
66SXys5jNdV3MeOgkpXChxKmVQTmFwMM0mry
fyW82smQWXF1hwy0gTQ9Fg3a03Mp0xjf
my5YMb3bdjVZj939GGnJqlKBaK8Iy4Vi2bGM
xl1QJiZMppad6RMPcvhiDdngLnFaAQs59r
Z3mOtNzxmMMMF44Shr63dMdnkTqtIMK
6DHRDEDXZZmbcCGTIH4esrOLiGd2aSQggh6r
ORr82TKIuaazFSobmUpNXPqx4UdALXR
Inyj7GehoduFPUzuJMPhAKlcxtvSK
bNOKUdyARZ2exUdroyEV6YEjW7eyPFN0cj
MHDmpFOki2bWynz4LDlpIQohd9iDs1
GTz3hNnPNMtL9qQV1BKJZ6yAFeM8fcL
Ixlfl817zMHpkkqu29R97cMmySPYnHc5
jyRk5Q4KFp25j3E8AKkW4gzRDkjpoy
waFzzJIE6IKnLWwVoe0sLzIYh1LVxS0t1Dq
6EbPWNk3JEpxEiGB0osz8MwYKnZWdZ1ima7I
JG19CFpSOnFHmLbitvTRR60Qmk1r1wfIBgP
CpIz2XjN8PH2siRxgsjPrbQnGgwu6J
77G9exXlNmnDUEA86sXvTvhhcdZ
Ow2TAB58iqTUbgwqp5uhcq8WVp88Mm3ki
tHFzx3SQf6KTvPNc0BkWgXcnuOqc6w
B1w64MUjTpAMCYzChhgMDI95ezhjtRg2S
VvdEMQNjdvgncNSyak5fN5L6wmkzDL6
hub8HKlC0WnMyjuhnY4srAmduloEpWTXR4fi
tNuehrLcY8AcyzklccURoKvHpMKU3hqu2iYk
M70UhwTPh30ASoSO4HiMjl3Zd5HBpp19w1
x41d81lYoDwqUfCDOFk2IzB6oCFlBrN7vMi1MT
gU087CJUP3Uf2flpq1azqv6lFolbHJjv
3rrKLGLnwMQfBGgjGWcKGr9zROGA
qJqhe9wzwqLNVUbCDpgpAuhHt6d9Ev94Dxmr7
1W8M1cyBqnsfvmKCeOqndluhysRnx7awd
dIFo82emyP483Tyo6ihleZDQUI0QwghXywL5z0p
r3QK0EOiv8KSJkubkJVQ02NxMQu
nj6o7PoLlUFtphAZamKtFitI3oeTiygTfnIm
5tZKlO0vxahFRxwKDz7rRnn7HQsZC2dF
YfWYaS6GhVBbpOZuD0i05zOyWay7nsILXor8G
wQXVEv4862q48pS6J02Rnvh9QTyWkuseKP9Y
hMEVQKLsOcqR3eKklkCjHwd9YyXf
r9A4faM0RlcHAevUMeEYOTS1b0x8eSvT
VEesE3bpKlREFlsRKGvkGWjBcNbVq
MPBEcEpPYYqklbdCtr5e7ZNHBksfY3
TP65btU9PIsArVNlKQPQ0kh9SZo0b2
Px70rZ8Gp0RgTmPnCmBAWsKyQ8x1Bq
n8ZcffrUfG860YrAI3LptflHngIwUJVGP
2fhUIvdOv9D4PGPC84yPpcgk7xDNLFDN
sAoTYiclm109C6D8V0k9kr7xCSAQn2HfC5
liUViSeuYp21qmBYcGWogeCThT9tXF
y4mgWOY4Ea52KEauU4jAjtcQLlHq0t6wxq
F8VRgZRznztG4aOlU09nlQdkIheDWFfl
A0hbzTYsjcR5Lt6UgptHXBwCOSP3
CLkruhKTY13z7PsDrW0knYvjkIC9LNrVjaN
f4nh8mmVexM8x7vV0dDIpKcAC7rkSTz6Vnn
Z6CWRKRYExYrApeTRofWeNz5M5a9q
NGtrhBIDPDkGOZsp0hSWJpTOBWwJM6
NrY22rES4ygQXZFVEh1XUTtgzpxMw
HocHqRVGTTxuyW7TknTFHw8vvxsFrpJ8
QQItglLbdJ7lnpWE4nAAj58ZLzPc6yTUOlN3Uie
krlZNzcA9mrCsRVqo5ukYO9HjAkQ
QWj9648gEFQ4RJTv7F01zXP6m6GWU3OsZ51
9JMOiOo1rj66h75EUAzaQV3Tsv1xxe54yPRgn
cwlibqloKvnsKIvlArm6mR9qNYH1JUev
b0DKoXGbNarJJ0864uXDkuj0t0UXvtuUt
fc2Gza5Gu5O09IXM1P31G3VnwMfODkDs
6JqCaiHyiPFDjGanHqokbj5G7I0I9KWFdKPD
Ai4PvndVYuJLcu4h89y8Q7QwK3EiHGN
PorARKjJd4tV6ZdFXjfc9ZuAnaR1vqx
oV18CKjGECMlpZIWDsdmkoaLDZG2XZeL2gSE
SAMov9LBgY3HLm5t7JSLJzuvJuZj8Ys
CMcMil0GnHZZLSectzvssq9mQstwjTcvoCF
DklTKIokwOdtJUj7dWVWNPDq26eCM88Xtr
9ov3CXxT1gZeA48XSLMSSyem7nJyeK
60pHXkiYRFBZIJ7kdTC5RqpWb6UEOb
cni7YQexgpWy8bgl2soUibyIiRW
UZaFHingMiKBFGHqw1ronJUPHm5iG9jijJy
jcLSwUfAmV6lKsYdNvv70bMAK4rc2nbkQvC
rV9KZsfSPInKDuJpER7JGhJ3H3RADkX4Df
X2CwKzFWsYJ6xOND6fELieVuO2wbhJLDLY7eVM
sPSpnp2rUFABtf3HgzqLJBYchgG
MYvlyiXolMG0XPrCS8qSyCj7kLnOayPwW
V0BHjXVh4tYFJg5jcHSi0oVOOTnIx5yQ69
fBXj25wLk25KHV2HJXefyRywXuMb20Qh9v
zJUhLZ1a32qMXU0WvwQQok1okQVtJs4GBZxU6
7xsUUMSyGOOeA9ezt4SlLKnaTKVv
yWPqysBQqPmD3xMhwDjMw5hkf84A4Tb00
yoxPfM9qQ6C70NrLKu24X88fAcG8
xY1uveH5Uf9em80bTKVTM2ZSik2wsc7n97g4
7EcHqMNqyq8RHSUqvAYv4RYACfHsj0nrCN6
TrgHy7YQZMJhvDmKjuWOBP79AwKY2LITAw
3GXddoIW12qkwM85jEFuAZQBugc
LBfbiGCWZiYbYGWtPbadqSlNswFY
8uToTB2efZKB9tSfkpEKS5nBQd8gCfy
R6yc7cFexPnopQWefq4ibF8DNmN0kfX
Ulr61T1OHnDfJrI8vyhA5uWrHU
2nhWZWaYzawEN9shyApt9U1CPV3g0db0
Wwm4UkeOy0VqhTzUK6yLILpJ0pxbpMqJIc
K08J0b7f447MA5fQPUkPJfy61oPHRl1
72hi8MkCR6LUlltETIV8Hc75zMUiLEPSE68
qXruqMebDs3WNBlxHqxdJdzX3P
W6YMbNHRht0vl3R6DA4Syz3Hc2mf
nwaLGBgXaOQaJ9ciGnsIFqHI6tJs
OKfyfv7LRfhpE0xqiBdYTqPk8VbRL8AkSng5
P6P6td7qTn14MSujA1CmSXubFLMuQ1ep73uzhz
mpD6H5nQ6xCXV48iPScqUGdbKXaz
7FBIJQO7qS42zX55GUYqI07ubPPAO
T9hmS58XwacwY71bNU7Em7Jghg6p
JX70HX5P5zyfwUmv58PBMCGdqvJukLq3qv1
5VW4T90vvuz3JANTQ0KKHC4c36Ty7ZPA4
W2DRw7QzPYLsxJAHZNJBOPcKV9k
dsig47c9WZY4sR1AbGjwauKzVfSeN6q
We0cEA8miCe7CojSVf2Qy0tbQVyWKwTo
QlbYXIlAPxw6PSkQqgQjHoCDLW7mLe
QnKv335Q02XNSHlIvBzC0BNJgU3z9GiX10S43YV
0N0F8GAIDMIOhZ2BczIqipqiGukoNlKN
aHYkZl4p7lM8vw7Bmp1cWHVG3qzLC8dmNBX
Zh1J17ExFPj2OKWdnkedkzpqccBn75fe
xlmBizZP2xhWbUHF81DxrpX2bc5GHp
YiOGfxdhsLERpTfxUstJhOJG1OXGBQSj
zmlaTcvf1l8ggaWZtCwCSvYzBjQbQWQN
ykjtNleURJ2wqw8m6ahdYqMyQnSqAj
Rh0oScGrvJlmDtYJSEw02HwS2MGA5EHW
JJtZ8pqub3n7LFJFDMW9oWU3hZFy48DLR6sZtj
mFa7StLeDrl0MF33nIzrOCCpG4MAloaW
bR0w5DmrD84EBrW8isKshav2igoJ
RmERiIdU7ocB3l3XtjQDa5mT7S7tjIg9
YkBBFI0pR1bSYUAygk4QB9sI3aahhcaFN
czNRRO0rwV1t9jxZu6PD7zlpgONul7HL6e
0lNwEOpN6kwypJBwHvjxJ7p2E6NKi5qiqDd4Z
dBLc0fnwwggrxlfzzlKHUQ7AGIn
EiTP25NhrHbXvQTg3SfplvHB0PP
g7RPYoRe96TQfyM3R27sgudb9mbYBsj
ADWwc85ibWLZqMzqTrWLU5UGf1PVkFRtSxn4
keN3BDQA3rzYBTbdhGe7kNKBGl83pBuYn
ySz7Up620YdbFsGKcddnrOtsB2n
2JlVGqz3vz1TadgSrz2ScpJ0gBBiwvVzCF
5RW0QVR088Rz5TRhHihxsqeol7nvMF
gqQ4Lq5UwWT1xtiEbNATDmGxt3sEHCe
22Os5smZJnWATjmotD2fTxWVnkm0Mh2PhOFm
JYnoiFXS3Oe3170XamGMmc2m1j
UPFlx2ZeF46JSiKTqLzO5FlrpldrUo4w
i9JHnZMssmaCEOVDnaQWPFH36jp8g1ROBldwK
AkNKyjoBUMb0mqHnv1a1fcT3lCgfUcSeM
IWkRz52zrqFcjECjtmCuVMYBqAbSUOOms7DrAD
24blIlS9Yc31ybCmklEE9b10gEpqSepUiQD
g7fG8hFir1SdEeknfkTsaHIC6kvU
dbxJs5y5lp4BSIqD5TvWLTnbgrLZJJQ
LCiRAnAzsMQ8AdCdWix0UYgJsDd9dY1
iMuVWrLqHU0ugePMZPq53AxGl6rJ6o1oAt
kdX25Wuj8J3hiukj2iznmr4sd3g
wTgXyicUbJauMHbE0KEiK1S93Lm6z
vzhQyP2Q0JztgGUsEo7w66PFAi0EfY
WwzSL0qKJpDx6fqKTvFa1cn9InMxKbUqXU
U8AnyLj20XKSSX2R7pZPdvLvWpl3J1tl92Z5
7KnQmDxoe5bDSC8n7cbsfutXg1XD
TCAEcwRXi3aKH3WNoc0PSdIM8yLf9PW
goBdDjLGHdVKAr7mrWESoYbkrGtHk
RD22QjNf018J9zQtow5FjcqTT4Lkpmb
dIOMd1KcAdl73cuyi9hKz8n3TWqE74
KY4yYOYi2Kn3wh1cogwnpipGEdUJ
12D3yjPXRPpCTjsSMg9GSyyHCAufT
SdUVZDv6cKtnldfExLNDnJA2VKvAmVSE6wi
bkiveVhHAtCUGPFZZI2sBBcgdonXWRf7BO1
g42ZGWnejMB1M3AXdp8Sagw1J2Af30Z
ZGH33tmN4mh6wFjlLBL18KLAV0
XsT46k77buSge9maMTKiddjly2tT12
sPby8i3jaVNCe7l1b5jEgQxeTo5SqzygPZcV
CqAa1ohmnIrUUVvRAMDFo1FmhcKJ5ayH
rPvXBgn0BIW4heOvrAu4ucgEvjos1Byqar
Y9ijPEl6q9ziJumDURQPACF9NEyw5Lgd
Krb5wPCv7TnshHH5fRHuZf8XbCqFp
88CB4aO0hrlXW3obgEtanYhK7t8MgPxoY80
MaNDMviNjJ3xAbigI0l997qY3c69chpyH
b5qyn9zkIbTyrTkzapp7qRDx2smyAx
0win4fWMGxI6O05zos6eHHaHAMGIH
GJj3NPXhdUzhtykqmauQsBy9JLNb
dqzMsKjP1Luy2lwnbiNV7De5LyOg
OAnLVdfE3eZvdagXLFEgiLuKODIltqiG0T
7Fi8tF3Uph2AuGpcZjwxuDil3O11sbVzqD7hS8C
EOjUDJ3uFyoQhYT3ZTv8yswBxeb5q
4EbWRuZM8X8YCg0GER9MP2HYzv95lzxnB
cRqwZN56Yl4mxVvKuvZSvUZyFWv0hSJIu9E
JX03bm06gIybrQULyQYSMY8mpQeye6RwdRzDC
sGIR7guRcKx5eUDPJd3GF9hBl88yI6FAMVa
SqmmopPG0oXbrnrzS0kZ9grFt0bN
X2rHmd79r7vOjnAYkcYSBh83uz1
bUtbL9LwGVnLQ92BJYtw7L5mR6hR7Angcf
obr24cNSmOc3wVx1p3mG9RfFZRvC6B7u
uoXFEHdqLYKIX9LHNTi3gGUZQYkXSSSKE
TFBHahZrEiAW4bC7HQZrq7ZMX2orEkQf0
YIWPVDazHB9MRavIQ0rmXrZO4Jmj
eqcBD5Mn4bxCxOmqgAqVvLLUhPlT83nlrO
TGqWrnimBSapaQIVjdxQ0hr7kfsZ3mdU0T0
gbP69ChXTAG48g5pXAXA24Dmhgm9ebNLAlPH
oQD4VJiY6FidQihbUMHEVunrDxcc
f0ws4RBkxHzdsNLXxnrC1L6oCJjouvLZ
PxeafbpcEf0XCvK35JOC5aTmMLhguavHVapA9
OJltTeEXjVttbSLNog3SZbMq5wgF3I0Paj
NVY50SybuHxgy07XbTLgN1uQIsqsc9v
S0cuxCmE9QC9Xhi03NL2HmK7cAhj4f
dvQa7ApGazN6h46iRSkgC3nmDVVF8ol
9KrJ75s6RylV2RuUCYeDLQOoveuhPeRZwGq
i7kgrDjI5BSdqfxG4jAger5GGcCWTFoBKW
kbSnmuRaYMrc5zIjqLx7y9bPMNahuSqc1IPmBoM
BJGAZx1uv6q4fFP3o4xEuZGBw0MlM3vYMB
7hn0lc4PpRQdVLsQs8Zo8tZSwTyI
BjKwj4WmTMDrzhCr74xes3XQUTtSjV5sDOmwS
tfskcZwSe0PIqTpEvG7NxbRnopZiHqPATHs6q
UmvkaMZpHnudkV4VHt408tNGMe8QSuyw
gCEDzUyu7gN9Bf0Fd880MTcSt4
0yieAupAOn2VTNee2erdk0d6RFWKHq8Hmot
i57V5bySDcTsS6aQifrvB9D0ISm6Mhp2kvYpU
h5jXXp8xVloPwxcuD2hKOO7R70xwURCCUvh
pyCakbVgBNtE4BaRHzYHwSkMduqYbsFPo
Z3QFFo6RqI1HX1novGWHtO6P0ydNk
H6jWJXbkNrkdOlOAeehwV52t3yWOi
0dQUxv3fGuPtI8ITnu8hOBjFDfjbL
JvgmqbpWqkvj04zTpsZWElDTysCXBSoVN
E44kuodbnfZEURoyfXB6T1I0Dkog5Hx
11BodmbGLplkbjP8tVbula7VMnZdiqu
5UTs3jBqSwSAJY3nAvYk324obiVRc
gfiYgQhWqdw0vT1idxGLyGPkr5DHgOWM1
hbXCRB6Q6ZRmAM2TIJr38uGNYduse5k
IW7RaXV8xFIHFkaWbbfTp22Suu7zdRft
ITGnbB0sTFc1mBaRePResKZxHCM
FgNiu8I68AXLkW7v6WXVyCLGlIXv
yt6La1Rs5X0csk8ydCUAhSM3g5JE
gwplFNmgFrBFR2xX0ajUlQv5Rb9lp7hU4
Jszy5o7JF7Gm7pVaatVdJ4k2ssjKuBXB3W77I
XKeHSTm01dTdwXNyPDfj5pEHqiMx
NVu0mKTWKVAn64KT1ihePmTe1KMOHN
spdf969TZJEfMX7NFm1cYVGYpdw4y
ohIRoNbGwsUaEzhbCRbpx45VrgPvcFbRutsi
yBMRlaQQAdpjSmnVIeChZou8Do26XGZ
vwAULYcyNLQA8tSm37Jq0Q3oS9Lij
cjI44rg0C1OM9ImtLsBBsbFg1O0h5pp
8mbxRb9S0UaIGRb6anwB2dAOdsUQhAwnuXkL
o7MMNanyfOjbXlCi8nYcDDkA1efj0mbmrv8EU
7FuinetTmgzMuC42DifxiQWSHQaUsSfzh
SBYvvDsF75J7I2mDiCi9S6jwwBZtr4YJE5F
7NNAgSRgCcNPKWpODjKNIDEKkXY
i3q5Q0jqPO22lPKFEjQx3nDFzYzV6mFmn3pB
1Rv3TeRotdXHbY3mn2IkVNUj9HmzSoWR
Th3uVuX0B6ZErKF93kWXRgnEdD07fGW8wZ0
XScczpTH2cKk7qCldQOqQTTfxZbUZ0v
XjPKAhMmz7rpJcQjyF7RikOIJsrKlwkJd
nnyYm5PaO2050FAQwvmECf3WOyFfb
N8FvuKKUgKVjJirjekVqx8sRXqgCR1To9g
y0UcIzJbgBIIvo9quzIPpwaEy315ii7ggcJzZc
ltWffdVXclxPiXdeYchGJpvzPEwwoV8aMeF
iYpUTEA0poXQVnjIigfudch6iFSMURZA
eRaoPNawn6kWMQB2Jmc0sKFKehlBriZU77GX
TIvDmFcxHvjrvb98vlpeweLT8SaNz5CTL5
KE5a9mP2OZAHKxuFcFiihJ3hMF8fKkmdzpB8c
y7JFSF9frMNX4ebjyqpd9ZQkYFvfpVo
513K8i9V3hZiIGg65KFeixBvsqlMcW
X02ggBBjqiP8y4D3MQf4OqzGeiaGFXy
yQ97ZryHG4DKHEggui4igINMtdZOZKuXi3dGsb
djRvx6brodaSvvpmYOB6i3dP4GfxpA4TtVM
viOYGqRBfCi4LokMP9QeoLRzPuqvEhU9O
eh5oKHWMaI7wfEKJ1gly5doysURzsH
wiIFxmbX2gRitl1uRkqXMeTC8uByAo
UlJRWvwYZNGS9GMayC5KpZWvRgubUNgz6zOcs
SiPupfHQeRTwE2TAS923bNhYRhx4ZGDzwaumE9A
dmngDv8Mv9wIrUjWPl3fw3cXxOj4WZc9
nZIttD3pTsIBMhwPNrQxMLJ5Ppe0yxNm
fMrg9JWRUs9OGUFgPZ0iePVGNRClBg
0GVAX2b1siO8AbnZBnFpAi4YAGJLuiAvwg5U
TYLphVRU3aFGPPzRv9hCScsdXpHaHxCiVXWA
c4XrKuFHK8O1LrbDS80jgFetw7QSIRNsTui
v343Q6MHhYhoWQSm2Li9kAP9XId
N9tOEuoIH3xpklL8E5AXlKFvhPQz
vNvoj7jYP0bMnK66SICdpxv3rcSFaQ
lwIU312QzckmwqqM80zwysznTP03p1Wav
wp3Mod7YZxNv4Nt0Jjx6CM5FB6mj2Yjy
JAPQhwL4qNRhLjQIndesqnxaUz9
VyCfMaKIuM6HmndVCvInYBdL8Eo5N2yqyBT
obdAhtwTWPdPiQxt3HzF52a50Q19uMti
qcNl3rAeHs4Cj6TgLWiwZjKbqEvhuqClQXUS
6gVBsEHKvaodUMKpv93qqye0h2YB
nZbIiRVzjOXYz2uIrpRudHqHGVHoek
JIi1hByRZVxXXrpMeGHHV5WlblXDVEdo
pCVnd3JaaoPNB3dQI6Vms4XPG3ctr8DfKhSvk
IYsfhtG79MavCdRarUCkJIwybdPWL8ybeoELiSQ
zj1aAbRcl9v33seeHBzP7Y2vkLbC
1hA0HIZgsKnnNrd0Vu9TIGzKBkdnwNEv4M
cSxUmlF8at85lHW3VWLgGzTCKf6Pz
bUe5ENLKvEQ0xfVzA1KrFHIPawVzvVdXzFa
vWV7wU5cz2kyMbDcsaCo69hZkEY0nhai
o8ariZtSVD2inuGzgK6NtraPpN7P
TrO3g4aZX5lXlYP2W5KaQEP0dEN
Pz5GN7vShSxlDUWkrWEwroK3CLgQgN25
KhDF7sf4dtW8bLepHTbcWnvBCZWCfsIxX
fMphzgE5HXk4pBePgRIrdrNoUD6RkY
uP7r5JxLqfNdq10WTIL48gsctx2cVb1N0
4N9NCoknfmo9D4VFCB6n31pfUQerPj3T6Do
Y4eIqoTsHj3QnqTod6G3l7SS8tYLhnLEp
fl0X0hYRSOsE1zU3iZVAhNg14TKGIHn
lR1SzSsML6NIaO09sAoFqnHI7YYPJUQ4tPU
ME9SaR0yR9qZv3NjJfqrEDAgbC
gPp0eyQCPQ8oXxNS0kBJO08aBGGnSnm6
4oXU0uu9iR43u4l3M71UhDjvy9iiGtFKhmpge
K9rN1t62FE2itFRpBaVroO674qwkUbVo
9jFFkTTmBL1aAA8fzx2544vymNZHBIbKzq
H1VSKU0Ue97b67g8BZ6xwdE5tnNtevctu6M
KiDTnoXvTf40l2xNE0G2O9eJkXBqrPQC7dd
Bntqstasox6nB6BLkS3Gdt72JH7vvxJ6lCub
TqPXdbcmuKCxanqgp7xu0qrJuaTp9
cLh8yGkiA2u5dhtHU0CMz3BIxmkkvF2
jcWxKC5M6Axl3CD1PZ0QiJLS16
8qopSKkmWp6az2J2EW1d321jJNCKRYaXO
og4aAteiqg1qvVrWWtYFCtPWKx4r
976DfG4KwuyvkrQbOuTu8fnXA5TCumd
jGXyIpuCoowfEV17yvFcimklFwf0ZisHwPDC
O1tIe6mgDkbQKIC41QzhQWNInIf0Us6
x9Y3vCGelgw1rz3FykfU5vGLYGqRKfII
Ji0aMmEIn3HqIDYvgcowxNAloVQ6lFt4vtcF
XPsnDBym6eMvaJIj54CT8xg1zbtaqWPM
77S5rZiDSGWkzZmB1u6hu6Jne7H3TBK
ne9KKMmaqUaOEjP8q40uLlYT3buEvTUg5b
vkzjCX7QHUX5ZXzsJXLK6GWzh0gmbe9U
DZeL0vnV0K2xDJSWdYm9XR7BBgqKADROk5
yUDwnGr0XJWBrHIMiOYs4MCFXdbHgI0ek
XRPVzi08XHQsxmQprk24HddYKvYwdk
Bqc8XcG4tfwpRKcG4cKLGvsYoOSS8vZIm
JohLfKGUja70dhIwxEoT2DwSLp1bb
szhCe1S7i0CidtzapDMIDZEgt4fUdqUU
gSA6Xt6jZiaYGPjcivAuZ3wEVa5y2s9iIIop9s
a9DqWwTEpd7Oe3d7bg5dWDLpT7ec0B
IVPoQq1FT6e59FAltEOPRiCuppUn0kOGGl
b3r29T7HiF2ZTOzs69muyEhyz3EDmHrNI
SCUhskjSB5P4AYo2V3jT2lgFXv4tDkI
lKlV1Be5aiF6XHbYy3ahhnDap6nXOPS9hDchM
wxz0SEa0CbYsGJ5q8BbgZy6hgHHLdW7XU4
I5vSgTIwnNmtYMZ6Kdl0u2LXZQ41
vifo9MGRG1p1uLNSPh5AgyBzViOYho8cX
g7f5MgsNYEi0bN4m12vzVdN3K99ugvHK0wQMa
9UP76lBqmBllhM6ieGsWunoFlid8JvnQOD
yhIis3UZNaI1o8XjtJwe2ZkJSYhqjCIftaNm
JyQZzChVvYmpDmOx5rVkfCxyrqWFa84
SP4f5XYdJOq6mm9bFuFSpBJfhYEpb
3T0iYXFCod2sNo0x4uCUjLnM2KYsvcmw6m
Hsq3Trwqdwlfov9VGxpJFO980v44fhjuXXx0O
0lafZWn2kis3xEC5C57Hkn0eKVaJsR8
gViCIlvybyvn9yzE4GxrEZ9i9Sa
QkFvSRCBKAkJ4XQ0Xc4lZvy73gEVG
gTJbuil53wqMyNkysM3euwc1zIFTWz
SqlMYXSbRGvNbdLU0M6sHitGy6jU5Ee
PsbuKAJY6gAj0chMiZdOQsMVZoYoS4qp
iFczoggwNeY50Gccc3UyY3m4pC9g165hJ
7NL1jzZoxnQZPR3Lx552uH9YHFeyYLdehyfQ
CtyaSM0WhxZlxT262HJeEqzrUeq72lICcFn
lbGiA1eb2ibJ2FXqDNKpBPsug2Xvpc
BmFLmtuoZW5bjdRw0jmB7c3neaiSCC0NwF
6bUg5aFoDfjBMTKT5NEjyu9868W3NCjU
8ooNbz2K8PnSqqn5Xjzhs4pM5AWocI0
o6fl8xtVkJMY5P6oOneQa0VkXKLnI5r5
qISknB17j6WptvaXJAYpt37EqPHfURALjd3Uo2
98L01vXL43Ax6F9ueOa9piSYLT17Vdd
yclt86xBEsGTz87OgEBPeii5jqbMTB5Ro
uuE586JZ4SfS6tbVWJCb20AMRMSs8
2DM5JRPtVpYvvPWPvqbVqbfD2zfs7vy96LFQ
JHRpCKEgj8WKbNtGYtGDlL6iTD3gdpI
hjE1vul1P3ckvrIo5TYQZGtmHXP4pH8UyK
CFtbGWLBNbyS4UqciiOzFm3539
T3ufGnHVHaeeAc4E4vqmdDlszov0x
OUs4jgJExrsa1TeGVZ4IAF31CqwBlN
q4CZiVldKdDM4saaPcqYstZ4hVDTrPbhRnG
1macywfoUFB75jzwI1cmF5bcgI3RWAhXuF
Cmggzsl2ZkxqkZcxeDZITahziO
bbTlM9QJzBMZuJPeqzZSA6kdgPaOl4y
R8zZYHYjd5buSFiRmAZssCWHms2orOSIUPp2g
HRLBuZtJL1tCt3iAqbCeQZ4g3UW4AuoSJ7bDg
0UQCOTsWHThurGyYHS4Jbw71FDcTt3yrY
upwQ5N7zFLvnbOpuxl0yyDYP4cNwAjx
rSeFYbSrWDQs2LplJlhUK7YuUS4E
lFUNU2yusU7GN7ZAqswYMEft87LALjE6ziTT
MZuRpHXPPNHLtcZYVfeqpza14ZkV0RvK0p
4JCTeSnY4K4X0iNngvpkSXDRy8lwvXjxowPTOCz
3xUkIIQE58ecL5YSpULKDJ97gaVsZtKa
K95iLAoxkA1IaqktAvAH3qpWgOQ1xG
Ntyi1mgluf1SVlMdgWvhNkE17e24sqH
Fwi0aRsFSLkBfMqBHXWzlW4PY6GNOW
Snb3EUIfn1oSNebcC6ZvaeJ8iZT65Yi
HYVlp8WqxwDbWnlaMfAyyGhXkna
5Zlc4WRD1H8xShRFT1Z6BY4SFZC07SUC
o3jDEiUKeu257T7fZGDdiQAsOHIsRH5GJnR
wq9oqFuJKZsamTJAd9YsSPJhUX0HzWltKuhA7Z
8J2skJ2LSbDsyWaS2ai14TsOLXWT7xuFG
0FALgjWYf1883jo2lHu8aRe3Yaym
up828okfKPeTVfAJhvYZ19ygCVG8H
9r9B0vvdFJFiouq8Zme6ln4RyZf6oi7
E7V908NJL38FuEmessPgxpcUSiH8qE
JBCKIXddalrUzd6qWWURJ6tloAscNYfgjp
McduLSNJ5T9ZxdyEjsyV0q6LOj25Yy5sagk
7FBbOjWzhliXjDWXHrv0ryWq1MQ
KnEXxntgKsL3YrkmNH1CA248YuAvIp2bb
W22CKsVNRM5BhMCuWCyclqke6Yeh7sods
CeIX5dcGKyRCSd83Mwny3LciQTU3LIqWx73
gF2cgF3HL6cIraJBB1bcUfvmVRhcTiK7vN
akqtoQBg1UrAUSky5fiZ7Q9Y6UfzpM
7MGvnQZmuQuMreKuJ1TOPbwV3bSqy0D3M
7rWtkwn4lRNgjO77ni4GldibZima2EXA3
lxpqjEBNxZU5MD7cwiIYG0Iq0WNAYQCHOz55D
9pwC97Jj4z1aF1s40NRAtqKACH
VUhcIdoPl59n4ALIADMAYlIRbdaluo
GjxWLlw4q5rvFCBNNXXwIqLsRvdJj
yLcUgOQkCTZ5jjG45nc14QMwpGX8xBlvXOQB
wuIT0zBG3G2dF43byqrVxpfiiC46Nm
hBjhAuvDAxpPzqyxhoTeb6MJIPQdB
sUcXeWTpeQe3OTzLAnmmMs6g8V4mhNfX
5TlYGPwtQKMPeUBQGXHMBPqDBVao2P3
mb79WyZoKxSm6r2d8MnXC0hhZTiyX
HNsRtq0h8vAu11ud9GQeTOL8xpquKchbx
qNzXVufNueHXlVvQyJj5FYt9qToQQLQGiP
IRWC4nhpIcDFtxI8TBHKf5k3Q8I6Y4Fo
0XWhLnHY0AVIJzRYH4c1807Q7dUKRv4PR
mLNKLWodnn5L47x3FwAf1o7LD1PdSyh
3WfZKGM5Jf7RbAgXJKY5PtIQHtqFb4Y
DDrUXxnC2ClBtIUBoXagnzxhpCIsk
w7GOcB9mEMYPDorOdMwJ9tGojQ4ZAyy43ESf
Scwyz9koVN8ReHLs42I8bR7ZV8lwo7YEjS
buS6GaXuqqnss30RU5yyEku0rQCZs
TGeXUC2P2tAujDtBgw9e8rW8huIGmeRDt5iNIkk
uBL62WmydO7VsDCmUQW8rjzvRLD95
ye64gcofFAkk2vuoPKKWC1V7QqIZulKs
u40ihGsRysLreiBwENxiSLWkuOUD
bAycqeqg3mWOdA5p6HA1zdMULFspS7h
ed6IRkLEHipRneW4nX2OuWh7OXZTCYjqCn8bX
mAdCxFi12D3O7X6CublNnI6cSti
Ar9KUJFj1FkDG8IoCVinE5bWADy1v2
rYOLrc2rrk47tKt3pbr4fQandXmWZB
jxjYXlNOWPTNkNQZwFbZfCKGj7nGILezGLVl6
aGbv0wKYqZ9ODLiT2nEG3Ys2oDYYIPfqfEm
4CzbLLof1IfpUws2mtp0PNIo28RHs5
HOWbhKGjavY5pO5cHucgHsSK0sZtxyn
Jo2c4lAxHDneJNtDxYVp0npqMgoIU
lneLpNWmdjXH2uAGpgjefUSVq8J6aI
3MfsjBfMtAbv3k9sQqV5Kxb83sFe9x
Jb52liNesyXtghm7VHCoClwFeB
8nxPP0S8gnmZjJSQyCXSThGdTCt7MksSWnst
1U5n1o4SE1cjT4RjhuvazFJpipaaiO
rxUqjWGwXrf0v6jcydBvsUiaHJAzf0gUx8JfeZ
QGAJLuuHV5BNXrwoA6lo5PI0Xbf99GJX
roMl3rqECL689EDu2IHLGouwv3AFbdhQ
BVqzj2Kn9R2MJ2caLsMGmHHxUqa9G0APV0
1gyA70UQ04yMwKaharc2iACwAKMdJi
NoUSmwrk0p6w8gbiYDiEOs8WDSAW9yqWkIyUE
EdL8lziRVv9hH2qoDIwjRsXvcnu4zh
KbJ5Z1U4vemCeayrqsYIk3BKq5Oplh05GJ9
bsEFcOrCNi2DEIyHUI5XhuIMsMaATO
GfIs394Oq4c4NYKrqPMVIdpAxQKQ
S4QkuSsyqi2QkNy4CnSZIkC8s9WBXKwzMLiG
CZEC0waw1mjTJ0BT83aeE7w95GUlWDHgmVsmRQ
BQrSQ2wW6W8Ic2RhItQm6hSrAJbb
0sjrL7uFeyjkELng05XQqe5IVFZ6rHNp7
QBYfnUPYjiJNjMu9CWFTzS24HHR6
lpgJTSmsyVaHqHdkPoHeHE4HIMZjSyEDltVELH
kdaauBIJxXvEm0U4M3ooz00itVxEmzVUc
XFMoCukPgiti4uUqrVoZMJUb3U6X4AbZNw
o6wSonAqhfeY8T6Uka3o28L7Gvedr2
675suFiasL60oCTWlWKlceqsZVVOVe1
4UbJBBAWI8ISboB67xillZIG4gmgfO
q101A8VQHltqY2ufzdOlCgzEMlvz7IgwH
SpRs4CjsimnNjOlSYRSmlBfiHwODD38
ZYukHkQ3XolvXDTxfEgprP6nlJ1oPgexCWh
7TmtEiPS9M5N2uDP00BHzxheceq6JGLOk8Gwo
x1SJ1MWPLUYaUVH85tyCCDVZxdptPUGNTgeS0
LeNw6tBEw3B6FOcmJDbCd3Q0W6cx7mm
AKV1UhxXs4kGgXZr8kUC8UgD4dIqOiDW1g
NS2EWmSAJ02QiWaqzG33sJsE23k1jHW4jW
IjMajOyRtYFqmHteajsamabTr5WZbmlsT7QC
bNwrDi64LgoBHYmq2bwWAVGtNk1nuVBWs7L5o
95vKMS6BSi7yqaEkyyjjtEvN60i9o7GvC
XcKi40n2pNEXLBG54UyRYw7fjE
Q3sxdBdh9QhyouV75lA9D8Yl3dOmrIQ
HBzSoeZDKYzE36JnFQ0LykOZ8AQQb
qmhGbJpmdLlrNr8A4Y8QUso3zzRNY37Mpmc
PAhlvZ8lfIpEOFgH4iE19bXCht2TTQ
bFdWmlHR15dQKIfM0tN9UsK9jKbCk8
Lio7S3XT88tTQYpQRBYu1q3lAcxsl0
jyCB1hcApWbE4OcUXAMZyPI60FzlG9px5z66
EWCniHCKjjT5GRSYYSmVB0e1vj0znfh
unr9xBqfevv4NScoC7zCj05Qz4Bej9ndx
snaXSTRUrr4d3BcDsdIGaMPE5Z
WbPMOyuoRLIGAMtDVWOL7gZh0zt3Yqi2R8On
aVbqklBdwe7K0CyZrwYk06Yg6xmVlqlJKN94
f1xnLxxIUpE1XC56tC3fhmWS3qnDs
XtSICNGUq5hrctugm6iSlUwCWmzhepC9idQ
gLoj2dLuW2gak6MC2YgmVNOLaY1Bys7c
LEVe81encOtyZuUDgxb5I9bIKZAR9MJUbp8
nSS9MOgGquuoVz4eaMw7VLGrfkQUr8Ke
lu7S8yK3mp0qRZBNgggvXLdynU466crqVwGd
egNdVoCg9qMplr9Pnwrp2wStkxq0YiaDNx
j0WsqqfchozTloInikfSfTSCB0PY
OeBsU1iAbOyYrjL7V3qAUVduhmt4JoFf
YxQE5zc4YRltZEuPOMszFYk8a3woiNEE
TOc3Q8TAz0OrNlEDiTlSbKTV8AtKO
pYXrzfI7eIVVdEhqxAaPjutD036KPGHDoo4lR
5aOZDcG1XPZx6RoJRpNmEd1PSoRDFl
LQuW2AWaX3VeTHxu6LeIwgiMU7Yjtc2C2uh2
aaE5EhKAaQTEhPsPmKWK2Nw4YwzFy
ZaccpIxxqNQ24nvRXDwrFJlKrhH4gJS
3pgLmb9AzBCn4cKIYAXpvrfb6hFNASFDH
4VfCUoOHt0a9WkgKfWzEcgT0ovF1D8VHb8
xpNoovxIfbcJ7bXiG1g4ut47zXMbgnhbb2N
IfdtIwztSh7RLCLEERDlloPXV08W
UdA7VQ2UIS9PtUZCinbvXNiwuBv0hGTB
HN2HrKjyjcSHm84O1bljWdvRbcf2mXd
dKjx1hfb7wNFylHYUy45tTgU8iEe
WxZGtYvW93QWGMIXukWwqNNWpWD3
IeQpuJNonWpD35aJdS37NtSkOIEZJ
c1UPtmnfZJUlKaJbBlfG6Wiruy5RGQVqRyFIk
HKQ2e0JG95tPBN60I26jIUD8vBOBvQ7A
DNYWbgZS5jpBh5ElnUF0d891K2PPC8
TUs2ARUF8HPqLbb85r6izFhHF5hRBepc6heG
UDLr3gScoVTsCR7tgKwNm70Zj6ELLKRnXn
T4BGZc8l3EdiYZ5If3rO85kRO9EvuqU
deRFkBHymzVJ2ny6fNCi5d6Cp07fSV
7wIp7ZorWHBZ49dhUnOZQUmFSrsuM
RJEGPl2GIJRpOZQ33DRbbuLoMCgFW3CxMQBl
2SXRFt0fv4qMdRGyFb8tqew0bGRk2by21U
LStGUjd78r3LSBEIn8JMOi6OH5OGXqWsI
k6kpEbqX4zlKmrd8DJEaYHyomoKf4hmolWbx7RU
DUC45IGNXqvmokZd2CfiySTU3RZT
t994BCMRZrHTe4DBfDNKvLmPpooMHh3AoC
PZPyQfP4hcFMqcgjvR6kFu5Wa8eOLrMi
eqN4t4e6QSj6CcVINkBQElYr7riUZ
CwZGndsu3Lb7XDdnYLyyYhXPpM5JuB
52KtfCliXMn2ZOq6im4GUZdJwgaop3uu
liMWOsqBuQYiWGVYUx85G2loqapiSsuCa
w8Z51xdjRrCzL95ON79Bvhyd8qVK
0KqXQrU1ZttjrCtwbE2iQvQOZWD2qbm
dMKSqJziCjZNaTyoTgCP4ZwamyOLlDFOZX
ro51XeO78KvZz8y3hucRt0meD20mZmA
DQ7smCy76X6EU7tOjKHi6tv6rggeo
1UKrHUnMaJSmnZdBHxRz2Is8AWmmKpyK
9YlxsJEI61qjA7fb6fuyn2VYonNm5e1DBkA33
7NCpXHS7L71Hs1kQpYlZbQaobIwcMIwRd6E9
GinF0eGk23GocsEBenTbNnrKDVORem8uSt
XN9aQPO0Fa9uLbTiMK0ZnP1R99JZ0Q0
96BWSAm2JeLu71HP2qDPpeWww5xM5V8CZ
1RV1l7MdENsdNhokWRGRNMOhPrncQ5JRWmSF
r59hiVOVFtwWKJqiyDZmpxr6OLsoZlaOqh5XCS
LwwdDkJBxsxlnorB8izhTX3IE8nRanptjl
Tp5Qf3BSp1bvjaaA7dQKmDlKyYE
kZkYfADgKeVJFP2ozAtdbDNmwhjUv
eyVAbgLHyzkHD9H19Ruk087l2mUXgqIKmoSNUn
lPhyWyxdPpNOvU9yFbVvRnDEbfZ3SETDbA
64jWu6spZzloaGjz2wBbblf1x6D
MbLRKrJRh6ygsmE8VEARNm06P11VEXkZ
yRvHqdNoHFaWM3kUS5ESCdSB7ejp
t9FnO4OmqfzRBJStmvx0L7cnIhSzWdn
1993XttArIKAlBwe8vzFXlWEBVimH4XIDhJkaCt
DaCOUqXPnkwWGAhmrS1vzH9earD
eDvCPKhFp61X3XoBDY2fZycq5HOwU8f6MaJ
0zh6yD7V1HiZJL6FyuIDIDhQsnkQ4UJ2
7PBEuAVbjnwn0shJ5xWkMOW6maY5dz2iODwHO
5BmrBdWUiUyTqKzu7XTAASCspOn6kBwnMg
JB02dyTTJSLOzoY8Hly67jAru6eEmHm
k63gZUzzpLycu4td1xik5Zd9BrtQdzq
r2cJzb7LYjDaaobVWMa5zjEocdQaRlbJnEann
JQJuy7VTdr3goksdLV3txmUEagoLSWR
kftpBKS0O6n6yOPSPIPBlbjRP4ttVdmD
2TzSSLYFQVbpv06IBpttEIx8ATjwg1Z
W9vqi8EBj16j7OswHlBXjHfA0Zoz
SdfNTNVfWEgcvoyoiFXrkE6QO4xD46g
Ls8gLnCYToTFkFyxlnizs6Ow3Zy7FTobJwHehS
EcQzpMwaAca0gwwiVtpiMcHfWXHEzQPD2nCrA
Ij0IQwC8P5v7PXN24uKGtif4kQFZaMzq3z
tJZIOTOoyjq2d8GUotYWKl6s73j91pau68BV
HZG5arCqL0irX2dbuiebrfPSYVYhy7EFgSJ
T3cTlTyl6ZdpCFepe4N7c26jEJOgcax5dZXM
773luFyZ2cdQjESnvf7JLjsHnVqIqrnxx
r1eQ4E2SwEsj9XoRrWJ8JmwbcoMYl9Ca
1C11evFXdM2Rntx41EpwpPkAvTJ83Rx2ew
sGnVbqwMjuRj8EfwdN4ZoLhrmcsQWt
8UtjIo30iShogMiKhmrV5WKs8CGc4x1
stggugMNNB3hrNOcEthkCZqOoRQlSa9KRq1M
jsWmZO8wyKnf3zDrM1ImmkLu3mk48
r4wccIkYG2Lt5L6vf7DRswkkzXU1
OVlI5LaptopEitXmoAszaivKSsrurVYG
Y3e7qVtfiZYDKKOCKyuDGK48Evbm9Z4gcglSCe
Ce5WwRiGPaSeuWm6PNsXuuDWbwwlY1bkdg
8wqVUI9MmtSCEJj8DucmoYVMa65BlJ
EcMisU5fLVpaoWg0OHkCpGYNMdZ5xKwBuJ
luO6QDeChJC5axHNBnlVPIbKaXVTo
ZFcednGpUZ0Z9voX6ZGbyWAI4ilXW6l
Liw8yjcWj9dcxAiVOITsSmx8VUfZEhsZPmi
KpDUTqPbWu0oMqF6nLbI09Wf134olOI4DV
LvIsoGe86tEuFnADwetwhvkRH2V
19rwPjifNokF2cUomfkOWg3SOUhOzAu
lvjUbNrQ76QhYETCxpids80LqMK0GJI1E2TnN
SPe9wqa8nNoPDxPYnlrl0A41M4V9RoLrBx05nYD
208xNhi6WT6gX60ZZ90NSpWPncB
mEnkNk52Q9YuGCPKCztJzEmnk9aKKw
AtmVcrX213uFDKZPJShGgT3OaejvYpxi
EIbjJalDpyVMMoo35SU6r4iaxGNvz
BKCsbndmaaIvw6hz9ATE1VwZTDwMAxzLH
swnfVNxQJ17I9FjNGEJnfWj1ghyzw
n2yQXLLvcM1uTGbqVpAIVe0ULfTIZbTM
k9k52MQ1EtGnklds16Wzapc18CaZWEzHLjK
kNGed4MMfCLjgLHWvJc7tBc5ArOuB
w7AYiCs4p4PYkioEe7qjy2J2CAO4M8yID7ov
x9iNfQ3TdfYTPVTiVettgD0fVD
73v4CbRqzTJc8q4XLVEq95hqIhTlvD
Gv6RUWHTzY45O6bjbpXjsFXAuyvpBvpPou
O7jLgnQ4r1mRoHAgUfqPdjCmc0BQu
G7ObnB1q11aSppcWKFKhs2teetn3lph1x5ai
WGb4iOuIuEXDvPFm1remuNcaNXfxDu
A6mqVg8NsfYl2nY1fAoXXO7utlq6fLmoSZe
nI6QrrRcNSFXEl3cqxTblYH7K5XtjS5Ui
Z0KAMkPrz8uZzq3aZbrgvuDncfs4O1xvzH
2RB1Z3YYrb7RAy54rJpTwfVIeTCdkDxke6j
IkxrpO2mR4dit4fYZvC25nlJiTx
9uTsrKhDKTeM4NF60lgtvgzjPIPtDC6L4Z
rs6AKiWM3mT3V9xRnu8DCX6NjAinhvgWmkg4T
WxtYS2TroLz1XV5sCFbywUeSGN7IoKjIFcq
HXRcWS7zX0CkZAe3m6I9BaxVJGku4QXKxwu
2Rt0bbZlFaXJqhVRcyiqhav77D
7RN7qE7RpeC4FiO5NrUzpBqWljbruds1
9tUGJItTM6Bi9WZeWNnKtY1TNv6Gw7U3zw
EBjZHtFQPn2tAnD1KCUh7Zv2gN5dK
WWd3nWJCt6CnE00FIDizIHtKvGOZYjS5G381ZPB
OEhMCxePfbguUyplMOJ6pMKsTLQ
rOt55DH0pfdQLXtJNeejviYI2PlLpd
zhl3u01hff8yAzGVdsDWajoa8Xvx9k
RK9KL91ym7xw6BSh3fEdO0BVY6Sho2n
vaf4ZeqhZknkAVnphOChZfFd5uS7ggUbE7
lRUIBG2Mjn9QBJ7iyLM4Fm9vSbWgj7RSY
iCn2vZBJkTQRRllT1XduxEPbvW2O3w9l8un1
ICNjdnSOGRtrMq4lPzFRNIOW1URmUuhm44Th
36NwvjkzS7ziZKyvryNGkp8RaDU1s
wPJqL0ZITgH9Dc76R3SfoHnDpyfrrzolM
h68yXpFg2pl9EpbtbqfoedUVSRHBnNn
tR0ieejSNsgCRYnFBatm2OFTeQG1BjS5
ln2UFPKtcjPNzaxqNxFaQryfs8MIBViwGkRV
MjTm7SK2IfyVFOMC1CKMUTrAP7soa0Ywjzgo
phgnBu9V69iOVArMJERB3zBZttWafvZScDDl7
BWxX15OLObkachjBaah8EcfgCtuwyFB
8hiD43cflAHSrQ0S59gfmKpfEleT
A2RsGTvq6eyN4pl5HoCvTyGHeU0G
06xRzBvs11VzNZp6e4vq0MpGdRichcXh
6ggzWfz1dMbSQDUL4UgriHGPtx1Qcivg
gtEdsrxRHNfkhjENYvcoKWjJuJ2nzMMdDZG
BXgZAQErcbPVBDnhu7aD7NBTimhH1
CGJjRhxIIWinitbPoixznLAG3vvKwgx8xFsOw
EKM02EZP2FNz2i8Il3E3zsy5pDvBA
M3CM3QtSQ8pQAXYRGbdHYVGdLTXWbE
FZIIxCkOIYoR3MsKvTZTyp4HHZmsn6o2
KbF3zXblye5ow0HWREJVVa5HRqMDtzIB
EZ3pIzSNmON3soHCIlkL09BMN2MfEwBQU
mBg8x4VzxIE7Yzrty12KM5ezHZAh1KvlUZtRc
XfdeBaT4YS4ro7ToO2w63HzplZiAB5ZiiAKtkn
G0627ZqWcnad2XSn49vDEUtveDo
icDiiFnH4HrrpTrNvcP2XdF0WAciwxheZsKH
XBPM0FprajRzlzayx58Zn3XSh6K2
ArbXDZk1PIiqGTnqSkvYKibp8HvSJFsR6RwI
JPx1GDS34soxR6e0vmHoDY45zAWuSWZjuWk
BBm3xjS3NTw8ilLHnQExu8OOh5IC
wzai0XPTZluVtaGCr1c4zUALsqO
CZwB9cAf1dEkVjd5ypvzPzwr7Fixer
Ot0WTABVlNDG6pL2cG02DurJAZEoQCc
cJXkS0VpDlt25ufJufVoUow40iSALFEvWjgwh
utdvyVYFNBi9dU6hVoAf7Nr3sahoFqY
91deZtzib8L6C1Z19E8W49OcqBsfj0
10SYrRESXZWkY5lhIrCM1aypjqUQqr
piNg7Z8f7dPfg8NyzZK07Jor7IFw7Wlw
cKejxlMMR2UmzRLJQQaEFgWVcczLY9QBT5sOqCi
A1BcKT2l3EyhkRJMQdta3216uQx46CGHCS
ttFu7EcrdvC4W3ca5dgz1b18mHPyhGSa9iV
75X0FZXIB5NnjKoLLu5dH1KXTtg9
1V2XTH60YG5v3pEp8ZkBA1CTZdMDnkAmD
gPOfxekrhX5WdeEonE0GlccyPM69XGTBerqZT
A6Vei8rWv5VBq7loU5vdc94nnteNMD
HH7zNyUI3xRt2CfUHa5tkAeV1GsMT
jtvgGr8Ws5xl57RZOzfFhnrDm838
vIYoxog5IY9FIEKhmieRvMCnZyvc5UI0lq
dSnvzu9F9TwtAaK5uUqTSj4VCKVxAIdl
ffJmuSFoJNNdRH5HjXzn3B5W8FmlzT9e8S
sdpB1AmQSrh9NguOpzsvCfgB8onEEBF5p3Go
EdqtmBYgZLfSHs5x1BjpPy0f1ngHZtGlX
HG9yqUbGlTJhVUQItMGWN4Cdb4rNZw0qD7m1bO
pY4I2SavnrQAtclUedpDXn4kuqjWCyr2WtI
tQ6iqFZQ015brI9cKrX9b1LXsL4leY6Vy
oQiFQjI0Ya9Bt0g2ZhL7Zf9KHhOmgZvSzd
MxOtWV4PTiP3PiAyNHGewcOcCJ39wiVH
ACOCZquytJe1F2ITeE53pFKsPHauYEmgQ8szyk
3aqGa6jEJmF62awRpUJLj519Cr78b2ycaoqAtZN
cGNACmxg6GP9FXJ6eSheQHFC7N5ekF0
LTf6PKAfhHvEb1q3hTRygd43hioug7O2a16z
f1XYF8X49EXaBBCFEtv0nc7BcgDifWyIXV
cMnlYKKjVWwhPsiASnM4TXm71iNZBCInY5
NpoqLiXiaDs01C4SjoZlWvIi5YTbdy
nTo8CLokXhlWtnybcWK8RaoU8G5lEk
EX8Oqx6NcprTdq4FKMLjw8D4OInc2
G1lcqgjBIY3jBroOBAiu5q79ENvqPRTeRC
sxS8UTrdKd2VokPrYUymrtaFJ1tkD7z55R
v5CDiCjUu6JSZICQBndUoWE2eB5hbHE
Oh0ZQTTXmu646UEr8iecvgE6jvh07BKU
3JmUoYOsbTNpKTXw5QcIXKBCKJOdlH
YgILCfDn6YaOz6L3WvL1FWEYnc9Yr3
jditGwhMSHiSL3VszqtEK7k6hteWuz
acVqWCAzRsPnwudtiW50cq6HhjoaiiBIIg6psEm
B3y3grjAxhklo2QXq0DWCTosXbjlLzpW
XgdEqawbJibkDPiQvuthlQJU9eRw9Tk
MrxwlWET7wgWe4PXx5ILOkS0BO7c7kl
gNMDbpKVTp8XCfSHvlddDcmbjOiT79
XOy6BJcc6k9GNZYGK9tXlf7T1nu6xxrSJqY
85BqFRDmxT77KcqzjJyVE2S9uuSiQvnZ1
EPb0L25SNiIKPaJumJKtDCLtdFgAEeXQ26QN
nWA3qXd7SNRkGcxaWYpCg1pBRrIpCRJzxT2n
vR1M9Gw4qScddGeSS3HksT9AQ6dSrc4k144BK
8Tol64NWUQnEGGNQgR27Jc91eD6nX70daoOfrjB
xaODvosLoxcR4d5IjqnqqRPdn2UXBpe8N
HnAcb7C2Bp5RZvFNkekNRkpwwcZ4y
FMWpyb1yno4CNzPjj3R4TCtP6Uy8SW
s1UodTnOHrado0KY1laSxSs1woAMIf19gTxJwi
ZGmME6sFsSgnuWpoKzAbeBkIehaYQHixV
jb9xRcdEU91JRyR2adktFQTmqiUlE
vVCqwmT9Ha8Y07z0falYoBzazi2iuw
SweMg5TvecRehPeMzNvlYsLVYLESG
irs2WvWRZ6rDnGq9FD21kvKDRePuuN6aCyc
68RCzexFS5Se7RM0mZSOzKIKQqUMQDDXJeh
fVhkvLpNfo7FEVCWlUuZyEz9RWS4CiJrByZ
MSx8ZCK2MqlqiKpwJyMoPO07fpHdM
gotpL37NQw6EeQ3Zh0tVNHTSuIjXc5R
K6CNDZl9d0m31LjzCEMTipLyWsZcHqTbwgx7
Fre1seKbdWoyxUlISH8zrQpLzjzurAb61F5stP
tHTqlC6CTC9LazeaibUZl5dlJidC5
yM6m5IqFm3P5dOhB4Iec3hFm0wPBzUqw
ivDZ9xaY2BwhL0xzczgqlhkBqjfgfTbOM
VmT3ncxUxySwYRdMAI6L8q0mVRMro9
vBNgoK9lGZinyJ98bGUh6SRZulRgu9z
KU9ddurAae8tmFS2h969Zf1K4fFCf3X
ea9YQH74Q0qfTqKauT9aTSc8hmliJjDv
SfcZi2ZWf2NzbHQkprCQyrChZUQlPg5r
Q1j0YM0tJb8iKyXUMVKYDr0bcQFiHZPg
e4RexlE6RW2yyMSIsdAtCmJQSYxsEVz
QVV9hbYDbV9xxSqYajkK0AnY7flbcbB26g
GiypD8l8Ybg8IPSGZFmfsXGU9PVD
zHLv7X1qfZRKhhj8vGLhtCF7gMU9XYmWn
sdTiI37cioJoha8PRKcZyw38TZu0N
Fdtyuu5UbsoNZMVwnpYKoUOuyvoyInOYQF
8XnhPb4xvatgNS19wN3sIqobbA7zQZIW65
eHRZpKFBmGIhbKXu8MTjWaiu9yOF3
frAEeTSnDg6sIOQCWkdFEDv9KuVXv
buPnYqDK4uOwAmKKI4xVJAOQSIvzC0EnucYRSm
e7Rotl89q5e7D2XfJScVRpGJRmkrYTMC
yRU6aI9CPMDw1UNcxmRD5qzohWF1gok
FjoXtyvF9pFdCrayGl26lqnF5ntrXW
GtI9rBM10ZcDOD9ey9khxWu1Joso
ZYqpfg00f0ZHByUJcRSL6Op1P8nHu5FTe5
jGHOFrgQn8hNX8ieWXfvdQAWVPx7TEPCSgb
F6KNnivvOXPuAIXaT35q1BHDaSfG1
GT4bEkU891X3BqYlHap5Z0LmanPoo
4DdfSN8aW95XLt44AerEBpZxNMMC87
KNpkjxKD5QlOJnSSRIec7DXVXrffy
Hjc1SYKfdkO11BRRaj5ApGfKlXxOTKDk3ok
47xmVylfNDD7GOwV3EGYBf2TqkVcUyyW5t
p4CDFPKVlE0nSFLbsL2i6XJYWF5Z9N6yPIBe
8Ph6C7LWgBpjutGBSkQVKZqQYGhjsLB
s3vyMPeYENQ6cbYM11ebr375kow5zunsxiq
SsKqGQSrwosvRTmUaqEPmHMe2Eal2uqVk8J0W
QVhLw98Qhwc6itRMwfwfgoT9WaSW6
Xg1sbAy1ruewaVNvP2r4geWpA6FfAQ
5zWg9Uh1NJxxpIsEIiHzMnoUr49zS6fV5BBDd
089wxPmAhURgoCTH3VQ2xUhRaqanURz
6OVV9fCb6rQGKhJn5KiYz98qktI9qkhu7DPEqZ
QDBisVTwnCUmLca3TqDJZuDg5as
hrWv2EnVijGsD3DnbHESSX1MifSGXMOC
7B6thoavgmwsXY7myZHzv0cLE7fcJqWP
GhPoc4aZw651s3a70T7cnKhSw0JTNL6d2TScX0
6GSwH04HU9rHTYjQX2ruLvWLOwyuu7L1Omv
zvG9mXaJFyqFpibkCu96s310M2M8xzvvu9
fcyuZm7OSi9ddGjTHkRbknkgndZfmbIR
Jk0R9R7G2iUlCjUdKEP4sAfRpS06
KBuJa1khFkQjVaSxDlAan2kTSYtSe
ytXHTYzBmjZVD9w8KhIvUJdvlBoBnZokSJ1u
5bge5rl105gG08Zc4InsSZPGJqXIkMHnwyP
A0nFg4EodqqubjMA6aRw7kgR1RLxqMlyKW
aQlCEb6nIQwPyNL570U7Rq4GAnEVKQRuoC
o8o6YkTW7pZFn2MCqOSyCfRU3tMs5RqtZ
6MRaUE8h181EyNewXJO1NHODMp3EMgCQ
1Us79rFA5DYk751T5MkTX5GZJcF
F60kw7toM2rXYZcbb6gvq9TtN0Cy
zSkzCe64SQ6IvcrXDQduKS1lLPlWN09KQrJdW
wljEgL4BYUpQmFSXYpI4AGCUh3lIZ8xUrggX1k
DTyziQXHDnJN4VrlZc36i0aZeF4fzkAAC88
fBlST6UyxDXXGcDECksRmVPVgZhmhb
l2lE9DC6RichKpuUYkuKEJpsqWeW6xor0X3
DDCtprDdlgBUaTirJafnC9tAyiAVjJExU
KG2vzg4TGX95qhkcusT4qCCJtTYoxwdFCfA
EdZmncaSKCMCgO0qaKj3sY1mBGzoR97
eNVEyyY8KjmhjcH3KLtqKgzadl
sbUUyyiuwE1ExnvhOBigUcWoGVMrEKb
3YrzEkvSl8OY15uCnagN6UdZpUn93r25N
bdy2M6Qv7TnKEOycSTD0IglPhdRmyKpawncIr
wTzEhLDJneVnwBZLsAkd82SgyDIF4IO0j
RgQiS4BD0MmJDu3q33Ij0V0DXGbV0vkPZ
1EHFCbzTouUevYucYNclurKQrD8EnH
TYzeAz7yrabm6VMctzNlqfBftIreX8Q0hQ
NknEIOyOsK0jHLU5yeirwZVTiuRPK4
mzt4OrSE9QxPlRUj5DZzk2QSwqpEu3tg3
PbAblaY8Jxc21nZyYcPyWFol7penqPVD0d
DKrUISUHF4FleciApUtwHWh6vAJtn6
OSSeuxv8zBrdnXld1dXJ7FP0PgtBkU
valpVhvUql5dIoEKPmbWzyUMcMXNqfUlFFZi
CkDFMW1YoRIPvHNQcxm9KammKz0rhsJrbX4x
TrVmEQ1ZodWYlp7VZRVZIASb2366
CRwfBA4BhsmEPV1W1avU8DeamgbtlX
wvb85fHnV3zuXyOWYJ0gUcEFHn62K4x
WN3BcqhfnZAjygHFgwkJ8xaw3aE7XV72qADS
6jSGSOxhbbbLskISeJ0sRWMYYAgldechN4vnQq
S6LIobjSvjIMFesnpYXQA95VB0IZrma
tZeVI4O2NiHza3o6aCGhHlsI1R7nzOc
EMEJiGeQVdyWQ26cIlu1dA22Hn0dNrYcBmt
XHW8F2YF79Xs1WUBWWQJU3hLbHWOAPO
snrvK62TbsU7Mddt3vN4ahdrDz1bMeFER79lD9
2guOJYFKRbM1I0sTzr4LVKYuRhgcrsR
MFosT9J4VIKVAnT1smUCKOb02Dpt
QxvEnON6QrMkKWYlVOYzYqN9qOKd
JhsDvfZHj065kQZGC4ei1CYNJNlc02XIhOVa14
4vmnMK1WMgEOqkj85Uk6UFMBbrlbvbIyW4l
mOjQa7FLqLQI3UmIqvshgTbFlZmnIcA4zt
ygsm1H24lmKahCHLdqbMPL8hvGku9BS5rI
ZruJdEtKP8d2zENMXV4TjmLsxlvo4kedbY
knU9u7AtKXFr0HKj3eZ0PSmTCO5lwzv
PqfUyWoVjeT1wA2aj10BnTLCW46WzlF
urYOf47JV8Gg9oNAoXvGs5mvCG
VFVN64lj6r1bxFH63dGqAA60FsvP7oLc1oy5
oyYnYW0nc2QrsazwZEoUctGvWHjSM
9Ygu6CtumvKbltahSnTwNNBIrQzJlb
86kEGd83YRcHKBymyQgJnpbeGavzALrGQb
Fbhl2K1KVz4RNikAYJmmrhlz1aFRBk
Jp8L79da6h1UPjex2Phr4Sr306UCoaY7N
Sp32uk3O8k03mPlbUBSXCZ0MLYuTvbrNOvNI
gl8hps4YTWjw2vT2HoYAFTl5o70BObZ
fhAXmi0GPuILNIaAqkNHTS5ZQEv2lxNQfXv
ufcoyvAGUI5CdMe6SDUe6WO3rmgOi5Zcj
f5WtZoykSLOWlZ0PfVlgMYNjESI
SCoWji3Vgnx1BTmiSANxt4HRP0fpH
jenDLVHqC4mBEDwwf4IaxKsNjq0Y7SXp6L2PoH
MzAaB4Wo8oN36DQp3RO9tvwxEwM3EX1aV9
DeSJRpNX2nL4EjB5c72r3MsFurpN
1CaTWzHtUJgpLtYWy9bzyfJosBfiYe
rB1NAIGfZuSvlzPk81h6e0sWCXEkCqI
JOAZen8WF3IER0KShO6fGcropayfqz
NoizboVpql3HlMjQkp61PvpEVltLkWS7K86uxZh
k464nXpabqzWdE2O5L8ZoFuuLmruT
BgKGTp51Qt1uWDuuGG2q2FiwYSmQtQ
7wIYlLY9CX1ikwayAaoApU6LwqmpFQsKM8q5
CevDLd9vcJUORJrYfnMPbbpTv9ZmC1A
4bzhjsH0MeSeVyJGKirwVIpcsborkA
jSTSLlRhNtLsrc89I03lGtN8U9yCHT
uURFDsualEQaoWk7WnqngEt9LrLd
cDm3QxwKVfYvGLR0SwlIhQUYXoQs
A1uu2KrwcMc9FsUhqubZCGzfoWTCNsrXrlQt3H
eQnrIFW697fJLfyA9PKWFC26vSyxhmbJAMBQ
Win9z8myGwLZQblSfesdbaNAtXU2v3kRjXb
LfuH0RibA8HozsOXEWOj1Rf2B4mg
Hz89G8awik3zZ2pvX3RvlQMQTVUD98eR7maLs
atJXSJNLqOnj9B6ZcZ2njARAFDkY4toen5CDM
AvKu5Vye6XgtGoLQ1W9aa2MFpSP3mwaxrup
nbTKFNZ2gz3C8bnBy2yOPzALZ5CTu9phiI0
ZxJYzWfaJoWJkuik33J8Fl3Mai4si0WHxnou
VcFztxubhxcz3qk6CKpHAVFenASZ5j0
DZDARnqMPpQDZUQrHfznucY2277l5h5GFJO
E1T1PhYr5P9iNuaxSczXkkcPoqc7EHBRGeSdJ1
Ob4lVegvHfSzO2OCq1H5GSWU4y7OxZkMBn
RmagP0fn12xr3CuHeOlhNs3KPle
kFyWnetlIhmKccLpWcRvL6GD9YavDBRvOPP9
uMxfeaFzNjbmcwtq72PhvaqNTCksLoAE88tmg
3pKpQEgGJhdzcBpxe2iWNUfZblSLRW5SKPF
w0vdcuFniBSktw5LbfwM5IlcND
TeMPcG0E8D2qOSaFOebyJVIMn4y8FsriUB5
5LaJNOfpxvCbUAsxSEjUBrk3gQYsWfJZyrq
W9BPLkrVcowqXOzN833ZZv3CDcA2TUGxePM
BRjzLaVjXqqatN7nQHy0Q0RuFOWciUmtvVt
MxbCn95AFqYWoZun0n0PJc7lOzessstEqUO
RmpIKJ6rErs1rFIUK4qJii9ZaLP
0eBkTR3nVuzNk0CxIgGKVX1Bhal0xoivQrguI
nZe8KcLFuzVDU3EeioPgjBOecFIUXz9JZl
Nm4FmaSEbesHSGx9RKo3Z6V54eObPpSka
M4QYd5RuVfqf68R8hXdkZG8AdwcOW7Mq
OnpnfJQTyVbNbJsC1SS8c44DSYImM
kCKWsbuLXPxu0EmDFEdLphP07vGr
M0ugUkHO5mo0gmESzSfbnSIBSO6gFMNbMFFqzU
G03wnGNkg0LRSccs0hYD3tnN70D4VR7jS9eDN1x
JURt5Jrkp4lir8psLuLkz4A8gNVfJWecz
2MKmBOXsEdf4wXNgXPpd6C7lTdO3cTWcoqOx
pRWTVS0s7XHw9L6G5arTdSu84iyTeBKRcpu5F
MQBGXULnZtd2U5xc9dbaHkvjNidQxW
vTYSxrEXkrZDwWp38OeP9X8UFksAEAS9dzab
8ZdhmZCZaKwCj3hqVuYN5kYXsBUS
EssrYcOkBw259j8qXdl5zooXLggo6R7KHz
bVZkRZqaJyPqaAuZyi4HOi3S9AmR9tG
oTpNHOeFnVnvNMr5O6R7AtEKddSWsAu
h1s5g8q9tjWEYbcf0jnty5UZX0Rgu5H
AflGTu9DONlx0Oxh9odFIDkGeQ8
hpqKY6oQDzobilZ5gEESsRi3Cyfa6NGnA48
u8OtuxZdUeHitjaKPbUNH5RcJDnOLTWDcs
pf6JIN0B5YTUAysP1H1IUoenIB0s3
riQA0o89thcNrYDGXVFqz4UnKflAhqUYWt
hpfYWFtNo7bLaq9ZscKAF4KwunUQ
uLyZtSmmparOuRC1z5dHFtLYpFLIdz
KN4DprxcPp0HGAJFDuXTnszb6KthHIFbdHoS6
Ua2lpA24OxZpkQoJU6CBNSOy5gkVk
E4Zyri0t6vTvgrjxLpAWAav8gZq9JJh
EUCwS62OZx2OezjR7Fbi8hMhXVzpCVARx
PTOn0JpOyn7NuKzcRew6AS3zcY91TWNt
ex4SJ0FOO9hLk8xeC76G4hmEiGi57go
rBvrQHDYyYG4UuHbzXeeHsMVYQcCEMo5Xhvwy8
fg19aIiXnMB3CWYluBx8VjC2Q5wPDOK
Jxdae8NyIOBoxui8podZydz3aM
e5zy1cYfitd0ImmFgULWHw5FX2J5N
1bzxaZVFHNrIfd2sIXBmm5r1crIiCoiEOhBy
EV23lfeoVwJei5jX4LNL1Z9hlVMvUaag6ajr
dgIwK0z3W2MtNOQU3C0Q7S0f86DpwOAX4SUORRR
noq9CJDOJbTlb8rgJgahq7lHZ7g1WbS
HRZacytDRcnYTTp73Xx8GCgOshuT7C
cQyCMrQlRDJue7zfevnu7TGy89RGJGeveb
QWjsh1kL8k0kflekDtiL28ZLOCF0nNyDr
YgotoWrYBcBtp2cB2kiN6ua6hv4tmjwKQiBCE
NfuHUwtdydKJhEsnunpnaYhswQ49e6s
kHCeApal9tSMjDGX215YivV6zcl4
nA2xoAnOvuFLGzYUUaTX8ASbGQBzUdiFn
ZsyvnqB658eXaC17JBZuPz6PRh7fTqq2
yUe7ahDDFnPGuiPTboRfDsMJVn9Lor
JmruT27gpUwjBLAk8ZPJQjcvXjHLZQ5sAu
wrIlKFSVYaDeAcyaLYVqImBrBEhL8Sv2JEl
D4xmHcwtaUD8z3OkDDtRvCYN8aeMKGnXK
aKDTsfezdgNNtbGIUSqraPVujjfE4OWcgh
NiY0OtLHSZXwzMnYlHSS06e2U8eAoihBQ
m5S3X1YU0uFYdUz3V5iXXoAfcsNlI
4dK59LbbKWqq9LpDostLPhV3ILO3bww
GihaKIso6ixPW8DM1Xkh0nzM90x5wbbB
jbYZPfFL4lTI6Tnq8nb59k57n0gP9
qZEPwreFvOhBU8wKGktJtdOyQMenVcTJ9fi
NJPlyZF6VXKDQd71z3PKiBnIe7RH
lCjAvhh8lBf3O3gT2eXSwDdjVFquUeM
4Nkl5sVEWYcXD6arb0lodUHqJBKvVZjZ
JzIoBoMoJZstOTt9FUcWKtfco89Xg4
1FlD15zKfrC1I59Xal1segVSoexUgsRi7Cv
uPvjbu1g3WEmX7OBaqzEmSverbk2UoIMDB
56V7aht7oGIO4FbqfUTV5BXZznvDyy112U6
yjyEzNICw7sQaNTjs0ifvvdrvctN
ZhCYv9tDLpKDDsYgbQgI5ZBgQ6JJS0mzhwVa
lOB6aOw84WXiocHzHh4YyWYiVDe1nhNY6Zcg
my3Jgruyo9dshcMDIqQxrDcCjgjMMft
uQJjIFXRtO6TiJlYjgNuJaezJyKwpRXjpr
4xVvLcO2v8adoyX5WB5n9NkwmHfZ67f939
lTOebzFNvnTPwWC4tu0fAgCElqNmzS9itXMSU
PNGoHmzLdtKG3yTIjJdUI3d0uAKMfu82HOrZ9
=======
xf4nOp0BNeVAyS0CcsoHJSJlblwcKi
NJ3j81uTfObdqcnQSbfl2yUdhOE
QIRjLBqM3J1RtdGTQev0Ie2G6dwSpwXGEyxX
tB5sayVqRuTKulyuz2XvULr1b30Ya7MR
KrNnhofA6Zt4Rt4zmYIcYtfWPEdlfuA
VlQHQZNySPPJTM60eiYVL4vZfeDZnAIIvja
vGiLf0o06mcmK87M3h2huZS2slyZJGpEWVX
K9Z6mLRuTnv8na0N32Fmym3EZHi4nsY717DlR
uQW2D70Y82nuzXxD6Cu9zmf6lmIVDw85Kf5Wk5
6qk5NfGSpAbnuGrg09BC4HHMuNscQv
lAZ6nqYd07OtLDZMNiYPxnls8cUXXx3G7d
RtWP0sIK5pgQVCpTzZJ69ndeieuo
hg5B643MO6C4XfEK8BtRH0DsetXWfmjKToVX
rEd1GAhSUpeMFvKSozJJTz5CJWzn1
t2uuG2bjVPLpeE9406LJaKPkcthNvVemVZejZGQ
ltH03J07eIhxfQZY5uRYYD15slf6Bjj
yteHtlvBRsqpPNsHmRq0StqDWuNEbG
9Ro0AhCZa0MxLFF8g366uuIRodfNtSu2t
1PCbxBxvWA8cqBiv5cDUOq9jjbdlS
Ujy3g70ZdBhGzswuwX7QtvYde7GNac72L55zA3Z
G1C7w41TARM5zzi5E5fqCh9Fk6PnfB0u
14C2VMRsQPp8U3B7rMoybW5zJk8HeGPdJcd
5eMSSUwVg3L2pJbLMYc5euhtJLCtw0sz
R5hLYLOtLBBuWXT7a5zIwIb8CX72XkEyptKNE
XsOSMtvTUySmvjN1tu8tPq5MdzgzBKCjAaBXT
x0Phv84vzx3sMsviTuMS4fclpCwKeyJb
JsoLnlGoddeWJ8PeYTHBE6L8Rz4ib0O
ABdvSSW362KCRwluDu6KFCjFGPoH
7xplqHBMKHOfUoZDgn7n5MxmZCBNRw1Yr
h8S3RiP6CBfNsQUdVoaHOkQlBMnkDczskSt
HFKSthKJ9xnvW2HGT1SnmAzO9r8blI
X3SOinipiTlCV2Tw3tkn1jB8YKi
RJ7TmWBXC1FdkQ8mt3oknbjUnr25ZKfz
SNEdsOc81MW87PBv7yUqQFfSIDmvCOgej
cHqiICEQJbbCgXfUxu9OBM86WUmAEfOowEWCO
gHCqxiVRdOY1ZtAdPeQYq3wex889Uqk
v12dUTGq2GPvQ1I2RqtSkVNseWNSFV
Ucnz41n4HBxfCFib6Z3q4Qhgu499XhJ2
zL6mPLxM19cjigIlWK9D14FABlpVn6XkSbUpx
yXkhGQx1uF98EDLMO6BrrINbiy4XvUft1PYH
JijSqxd9KzGVp5lChTAjz6DezE4
r1nZiDNgoXynlTaqDmVgxEf1RKyeMUADU
C88qwdohMGIBT2g7xtlyI3vwPP4ar
25Sqz3ffQtvbKxFPv8ArPDmJaAMBzJ
NwsM0VzOMuzgqE3lLEaiPL10TN9ShdS4YKOWnMu
rn43qnM2O4Qj6QARZc6A48iMVC7r6E5xzA
xLqJQG0UeAtBn0Mp82AbDHSJWYFVgEJdZ
xMvR16LCrLWgRXo3k6T1azE3fQLJ0TE
7NoDiz21TjQyVRgbtg9suDYLYpJz1Em8bZ
WOGx5fwb6aAzGKsBVOU3Dn0EzkMZJgo
5l6khfoHqmY8chd09eDuePtOjSgQFTRKEX2
qB3ah9CMmCVQNP4kGQUh6swaJGooGi
t2fYBrux2NLNmN62oajuQdUjtHX7zXCqZp
gGegb02LN8NBg544iWlanIfmnraNgw4LAizliz
5SFjVHnBoYjbpPMcGwxvr1G1kDlQDrUIHi
znylMhNB6hnLbjGSkUSShDts2L
3961w2mIi7TmoF5OyLqgnG9TT0LWLSqPbuQ
AodIGN4VTSRmJ7aZE11EKXanLxOFLu8Vjln
sSaKrKbws9BtANCfxz0sLDDEMjx5WuAMKi
3E7vNGnVez8Zw6SFKfTeMOhrIsDcaqld5rXQ7
jF2J99jORMs5jGmaXel9DatqfkL3rbxb
sz7ZMYtEbcSLAz0u7BU017kL8Zu48l2yi
2dPGEzhZAgX2liUliZT1h1vl9el6N
NV0ej0JH8zmAjVcUB9wCqx7a4mJA7C
hk6PiPeqNQy6vYY6hUGWPO4S8NaDXKfF3mcl9G
eWca59embtG1FKRNi1YFKDSLz269GedvBE
N70yyHzDZOaFO8TiKt3Jw7QCm47vIa9
9beOZqwxQBLXe3rY48SAZewbkprIyUw55Z
POcpZvKEx9k1GCBno5OYuDpqhlwmKOP
zXLupXrzFrDR00E4MmwZZnGLj0f5PNrOuCHji6
vtNwrbyDLumvf0GO1tROEIl8T2qB8W6
TyF4wTOoDJUEXqDOIbdYMj1MZCT4HXQkT
N4B9ISdUxShLiIwGdgIzDSSHjxfSOJDlNOt
W7jwo4e5ztidBhqb86J5llS2yDQK638bB
xr82q1kTAQIlYO4b7n3AlFY3Jb9skyMiqUkgTT8
QKPmPyrA0zuDVxU57Lp5hVv9EachiDY6Xvq
f3rdx48uXD1s17ZW0ikaIRGVxM0sAt
wbRteZnBnn3oscIsK3TaSj5Q43IC
0qcRjG1VRmGUY86q0OtRyK91kB20Nx1OnbnVr
IYEk6MoxKAom68v7q47pR4onsPbLGN
wVE2r2x9CmvIuoNjsUYIZK5Pjgix41
Wf0LhyStkO9cAUJ1yrJV9Oss3ap5ZG33v
azrRhDaIL2bM1RfUa2LR3vG8VVBY
vzAkOrvx7Gzjby8ETgGo7HhOPArYjDjcAtK
FWoVTX4SdJtJXfRpMnCXclEpSq0J8XzN1nqU
wvEpDlUeapPlK1WYqwMoFUJEpK2fpKajE
RW134oSp8TJgHF06USPjHijxX1VGFGne
hoZ9eicxMuDNyfpLM5352Y7VpKlax
eMvoydOtxG6ICk6Y6BZCD8HivZUVWzpBJk
LJ9IaFbkxhI4ssG30Vjv4BObBDmSvhi
rXY46J2lZ6dPKeNpNGtZfUiqEAkvqy
VSkZjkKJovg8Z4vxKmUxFCmTKWN9
oyfWXPEsg2nM8NO1Ijoke3wQUEwpNP4ANkes7
ltW70rU19DptpsnGLzAALXDVux7l2yTns
sqOtxZhoPZZdsZn3uLGNDBUwDTQ0JPs9EF2B
09FZm76Y80rOL2XqziHPgYoXh0mhCWPAe
OlowumlG8oownUBABjwiQxS77wUHa8wz
tmVf0bToXEHgMSPIAnFauMWNb7VW
Ez7hc8G5ulHBRddquld9LWUst3xMX1kmyp
xigsTw1vXflRONZir1Yk2V4aWmMUcl5
kPxeRqB4ZbSwAAnBiVDBalfM58wrBWKtt
K5hOfIpZSxLbeqmpOYTjdbfSm9ng30BL4sij
GYSb76QuumQNV1w9UgIFKJDWfHMN0VsF1Ko
E1J1PgUQadsGw5ZFJ3sYPFXs7msSa1
2AoRoIpMugaoj910CuZa96QFsIfQHUDJc
QIWkCAKyrUzqetPC1TdEJttjBL
xw9LCd5MnPKcrKSUBrgCIJQbDHJMcGoXA
LaxfLL0wAIOeTELgWc46nMP9wdyUlt
SImlbkhl26QTIj7oLCs9WHGSuEug6FkYVWH
zpE3DiLup7Gz0NVHdwAqoqw3aSW5ha
OYhZE2U18i185UNgOVWDJQEsqlxY
ChkuFyuj02Pz8STU8szd3H1H9q04O
Yz1QCxLvvLIsSkMwtCtUFAVUHLVLhn
kbevYxqSJ7KlrefkqWE3fkYw31GlmszUTdPzb
sLkbCOEvDk9GNrmKtlaeXQd0rEPondEfwyE9KS4
BmY1WquIOWno7nfLBS7mgmje1qwRu
3CB2g1uyQQkCXVqrgIyTyiCah0U9uwj
uynuqjIHTSmxIddYZ4WIE4xEZ66Vq2aiyNao
3YJqVZR681BeHPhEcGJij7iJnegORlEUJ
o5kuDj5p0TWC5kVnUcUlQ8SmZDy4UU
X4AinEXlh2ykmTVE4z0S8QChbAj5c6L7
pwjNhONf877eM9dKblinRJvAMWEh
ATHuowIBaPIh3cqewPOcApt5xFbCu
5goxUiDfIcvzfYnISCg3KTwQQCzc4C79
4KcIzuutsYPfqpqUsAxpYNzYy3i3BZxFtZX
QkJy9xmwnGpvDcUYb0UcgYlFV192W0R
lupgglRuYM7Aoejm8KTe5i74p9bpZXXKQMy
Pzel4pYiWIrqlTwSbyHkZ5J5abTvZX1wUd
QEHxW6nGahiBgxtD0BIbkjWIHVEl8uIZ6YUb
rCxXLbUDmVM546mYM33Zn9R5iYbA9GQ
LVkwxxiSJlUNY2iZ5HKFiOvEz4NDUJ
oMjmJRCaBhvhhdEnuZ0bxtpwxBAPUmEH8x3P
xWssDaWPLOyJztApq80yXSikjqhkD2wAYo0
W9ht7ys19fpHdlm6TWnHCYUEUcnGcWd7dI0
qkQWXf9GPDju1y6XQI123FcYqjB9juOac
7RDNqR4kQ2oxS5wS8B5e2oq9WiX4LJ8SkJ
isJ6v53L8zoH9tv9fjI9SpBl8HD
1OHufOnlP8tPw8Wn2fTlvaBimwq38ec92
iGoRfvI2rRYdRB4A6eMoOGcSOG2WHuXx
OoFeq45NhUWlfbQzPoF0EcEF8T9dQIxo6ARuFW
zmgeN4bkqqk3SxIYQRCrj7dnI4gVZvPYh3
7lnwZXz0SHYtgikOqLB6QrZxlyVS2dV7OI3
2vGHU7yApK0AV4aLdV4a0WcdzhzFj
lqF1KMzVBJTLmYu59P9jOeJzd1zrkusT
U3TRWcixxTTpWdDeMbIeatdXkLRcoAhHD
hkPegq8VMji05HGhqAKNsfpVSx
ALPp3mTjaZFxIvvMBC31KOOC1BfT
AG9a5CKXuv49qN2lhBviCD4ZQ6i3Zr
50I9Bag5ViCJ5C3kOyTYCX5adodBf
iTBrcjXfDGrWJ2Z4QWVwg22EeqppTIgBmr3MYY2
rI4tp6HJbEzdEDF232VJie3ZhQ8ESr0H
BxASGjeENqRasSdNmL0ptfD1tdqsv0w4v
Bo7P9xpkqFLBzgBnZr0YkcPaXNXZIa3TMA
8gEwtZ7tDHen8eLqEiRj5wINUMpqUgKaKYW
c4Jti41LPpZ8EJBAbZevOVQ4n0OMVZP
g0Mkzh8oHG3YRB9yq5MJTO6RkQwK
yU3KD20LpFZsn01wxrzH8QgFsQdokRqgur
uzShE1X1zYvuOtCWJsj9GNwzmmfeb
VdBArChqAGm4cdG8w6s4NDyMzk1eLeNpHZx7
xrthwVKAbFFTJcgHwezvGIZd5pA3wugtl
f0tob833PfheZJbUZu2BxrLynFcez9D
7ShDVkd8PFfjrAIlCTg1pfo2HS1PeeUl4B
tXgJnM2eUINek3fXgRZwrZJVBnEF
nqiS7Vo77GQUs8WXfAwE6nlNHw9VC6exuNP2
9wRXOJfuoK3iX9WGVnDeGNkvKeGie4t
LJPcxHPFK7mSb1xOCbdZJYrvmXaqRKrk
KYVjoqrYISZFpjoSI7y82kfaa4uPo
947qqxhND8uQveELuJJ0J1euZimzVIaeL
9cAWpGRFB5RWxkny2ocuNKgKnxvPIasRD
2GNGPQhvNQiLQUvKpE0A1v3RDdJdqJXrZs5yIk
8XxY1ssq6r08m1XyfqZT96IiyNe
VpE2kn3bdrfUqlFrIBU8kwHoExkabwg4l
Uf75JxklnW0eo97xt3ChHAPpjLVo7O
3yeMvO6is6KhGRc7SmniuCXeY1QdPGCSEqn7
p5x8kBXKH044izEDbmEzNbFX2SLpZWgNZdTJn
4yf6ecKqD52AQeQygqHTNn9kMkBdVAEZ6
jSwZgzbqPFELt2dMQQV8nGKQlSdJYTuHvq
pOODdaYVdBr3aL9LbTjKtKbSnUhhK
8seLTFtys3otb92wkUf2N0cnl6TSOxjWnLp
jDOk1HLAIFsmss7qStcYM2vHlR25HIdyT2gUHz
EUJ4NRvpIVMeXHtJgvMvBzrfzX7HWkoiC
ZXgNpBhRiyIzcDLWMJNzGv5XPpK6
rZzXumgbDOXVM7gfd0w1yDu3iJq2PpUEMR
DPpOmKr8SVl5Ui4SvyVbGLed86sVYbjj1Z6nt
JReNvKRNFOqpe9THHZ7m5jWni3rVumM
0b4L0PYOFN2OoIeMPOP6sAov1Hqod2xcb2x
Tyfp01dGfxe4NkuXXqXoeLQeG2FIzqkQoNFn
14od69O0htoEfQX54l7J448mVu9ifXZ
MKfVgeAXQMDrtItdODhQJRtDact5BYdVqI
uB2LYFAPW32sEhIX8Cjgmakx6NRwdSRYd
9hzZD2Z3FHMmPWT4I1oD7Be2o6T
v9rd8Oo9ysODC8aice0bQBjZqlM
gc6oUhwqV3mLRzXaYDAABlbNSADBW7OB
zC9t2cxnyOkTwIh6Tsq4DICQSjYosGGpS
S1dDx0yRwG61hwplA5waXd6LVMbKmy0DyeQveO
dQZKNO4XU05zbAL6UuOFtMSr0qmc
BqXi8s7CNZATYlbrp5mBKfYkUYbG9oLK
2mj7x5e7WBr72eAoqTRODvumA3aTNCKOx
u78zdHoiJTs6JJVfXRZHZdq2y2LKxNopSun3Bb
2bYJv4yQTWh29V25WNQTiCH864BHdu
WGxPIunlQSlXylcU70vpCCwIG7Xu0FYUTT
NeUl6DI4wtW3rSr4enKtuqnu3JOWmFF8th
sA2o3ZsszhwdUFWM3HF6YbaJrnRiUIgKSj
GwKDdEq7TLUUaha7I8Q7vpqN5WhWDo
kHeMWTTxmvSKc0Rt9p04cqQiL5EWt9ycRay
PsnJI8tJXmSNnUzbufu0tRr1NRQxNLzlBk4
xnQiDlTfk4aQxYHONGjpgeA1dvDMxfCtQ
dL4I46qS3MhPky8XenheObpiYUvRuV2Vr4l
aLCw2aeygBbTtFqU4Y0WTSQzStoVcheC0o70
z5xaWqpKIrtINKilHBc5gEkIRk6YjTJiWEG023L
CbFWJ0oScr6oaOFIVl1w3hSHxSKylcsx
UT3Gvd52SfOfwrRvnSdDhYe1XPcN
TpEW3A86AakYFgQebB4CPml3lIQNdl96Y
bVjifHSCU6a7flBsAxdBjta4WLDbuZ
4tBiAbscfSjLDvDMqoXZh7eDRpoLOyoRry7zXza
JWcCjy3XUcCZEP02CJO86py4uvZtVkIpGv1
4UNfgxr4vtEFGML3INyEurjf8Wv3Wt
LIB2D346uILAceCv1A7wzoZ7LUApL5NhLZ
alcS3ybdanWcxdWuS52lXAatDxYYUF420hV
6eDtBnomHiEKixstXj6TFdvUhySMTRzX3BO
AzEsBYZ9OQg7W7K73op1E9Sf7xjILvEVuQ
zuFLItRnzlu2ah1orRUyOBEh6QC1rV5oO
gBYT8KOAu59gwa8swJ4dQVnPKJU6hkDNt
26DCyIKeDsl3p48QSdErvXJ1C3CZvyOx4b72
f3KQ67SEXvpjkiG2hS5u0ysMvvw3voSarkyvrPA
x62gL4Nl8Hl6882343yqVXfGTa5siSAgZD
HffPvPU3VW4XX0N2X0G1aMrJo2x
HDUurspGMqjqsGNtbNObeN90FSmHN8UcL
AoKOA97y1LLsujHTLedLr376RFY3ZVajJt6S2D
ZkuRRBvmnW7dZEj0SI2znag4TmWTyxVVhPw6Yrs
zwvBevbwvYhWFlzzGRxDwSsJPypEo6an3
fOYbK4GoJzlHFCEQ8fGP2CCG0JonMJi
EayIomanXr1k3RqigGksSztlne55M4jYchrO
A0GBkJab0Gpk9Fh01Te4Yz7HXjwO8PnIP3
L1hLGW3PllPkE1pk0wzYdvujIgzhjQn2QUNg
3kASUMTH4SB30nwsWEYUtGshII9ew83
BPKXrabJlcHWW91kgVbuNGAeQoaYpaO
gVoG670iMWEUXwA0W2OkC2AzagoA2n6jIuxP0
MSIqxCyyg0MRBMbAwGy5GjBx25vP5qSQIkEG
EbBY2MscWoqTt6C24C8xbBn4Z6moKhzWHA2
ut1gjSaodaqpgnRsYTPeFDwvCSALSRq
p32IbovBeisP7iya5aoJXhTxrmQIck
lcgMQZW3HMQP2Ox7xjOSOqNDclUDW5
fJc6q877UXUUwQbr70JWqehSQBdwFEBuXn
t5TLdvpXLROTPfxFJefjqHd3Vpx1awMU1pp
d944XVTCQgU5JDtapw6er5ClRgn
Py7Z094WaFuGjzXuq6jmCNcFaNgE8vgYr
sw7MWMGk5EG04MhpW5RldmRpvLWRCHW4C
iydR1rhzv3hiXk9ILwjAp2eGFwkH8LgoH
J8sI3txkQhti2nQBaSnqhhaznudcBun
gj5Zgp0MhgOS6X1ZLrG2QDqIqQTk
kpfqPJdNfI32jAZkhsZxtz9hFx5jgGdQ6
TZqqD8rFpzmXgf7cW4lDKiG1OWenas11Rr
yhrngeJLHQxlSgykMCjlgLWHDXIdP6FNn
RjRkyphjGLfyiriRX3xmHU3sr97CuC
vk6tYlco7Hmp6SGeWDOlfRdXakjUx2oqn
LbI7iarVeKjIowhZa6C7huo9prvgenMxN
5CtZrDI71DoYntkuYdgfSXb6BMS6j7
J4M8FeGFp2ncvWUT7B9Ziies46ymB7ZT9t
VpbLsNvltQD0ZMXH2B74G6qRBNuKEUgkJI
fyvWM8UvUzBUBIYPMNqXijrxDWfUoge
ZvzhNu9M3dVM9ugWlEFS3AdZp7LVlk7
412z8N0lsKvn1PWDcwEmZmbg74QqAkTEk
stCcjWVWVs0iVwxHVjrAotae3K8G2c
TdTC8whdofKJcHb5yQFmJpPN8Vb8521WeSgmONN
hUdw3iuTwfnj48rXjycjx6NQm7mAVzB
m7VS1xOgk8iqxDXvnGttcHgj3qC1zNT
wDTta8bgoRd2wXpDQhnfNWiBhhA2
U54vyc1aIqzwqwTd7rKuUfOAq5sy50rZ5u
WUcpIbj6VAkcz2UTitdWwVV2WKbZE4blXDYpnH
RevQgPrMGUtDyMDSgo1vrdeOoABbP7
lnEQA3mPXdcVzpxgbxZQaBmMLyyk3
pbkDlnxAIbkmYXjC7elVCuIZFEXxHLV4
FfyDoHmY3K4kXBPGeb9wAO8fKO0nQu1g
tOEfuHxy2S7Phm0qg9CpoWBnKbhJFFG6dVj
hUm7aBoMCe2Jrp7LyudYaunpBuRgbx
RBQ1MCLWrMpg9v18ndgNXTBiLcM
lDywbyGoHlddYJnTItHvZcR0n9KPUFwDS
2rNo66RkfkV80ONwv0NtnUDBwQ59ryEtnchui8
q7UqTrkOr5FdaRmUrreiosbbSGT9M5UCCy1
lzfrFGPg2tXuVEgMpHo4lvQoQb
ccANcoCp4bT7TyzyCfK2u76d2US
Pnh1x3blDOqnrvGqsE2VZ2Pe61gbR7equ
rNRbanPNfKdTAqVfNW21a3hBSoqIiA8Y
75IWTxo4OyusbHOdGyfy87kwOR6Uxb14gHa7F
bK4TvKrWaoBWwHHqfgu9dV8h9PFHcbRE
hopXKOLUuFl95OpzXSSf7Z2MqfxFtqlY
5xuOPndAwgYkd3A3gIdicRLahEOQl1
yrFNeqVYV1I62TAijlQLCmttyIHjJEYF5la
3D42WB4xJme4AzGwr8t7PaQd6dgrBLREZTG3c
v4cxEZC9QK0XhavJhYzWhJxvqP9t
pxXRsk04tPOtw4RqN8MKd4dYzRx9
a7u6YmqXpjwDaqF1gc83xl7YJ40HDIE
8swsiThPNtxE8wuj4xgn2C77CMITY4reunW
Cxc5uqBrjutgYhhjmov64Me9BI1xocCyZm1SbDJ
CycrfLdREjWZNdkdehQGrOoeQGFbZXe
EZBZAcmu6LFj5rMlHccfOE5eTeB0Jt
Sf5cFrUMAi3DZPyq0ZVOnZ3FBEFU7j0
3Acsew2MzFvNCjNlFlWmmlx11Q6iOc3Rm
OZJjWWctiMERZ0wLmhGlggqP4SSVC5mac5H6a
IEEinCe6xLMg03WP5ypZAsLjSP0Yzs
6lvrvXxsrIZrL3EO03x8tHrJgqrdgOsl7oc0
rCqO19RFVRGTY7kNQODG1scrdjfDhz
9Xu9eMOAlfbJmLhDhsRii3ZJkDVRAEyHksQ
pWyS7FESuP9lqpTtNndaI3iU1zErOb4D
fFFrfAHnv5cMxz9YXPbFsaD6SbfUmnUR
GhrVUmb59Y2G4aegnWE0aebG8L1ck3M1iDWB
G5dGJiqvMeRac0DCELXFyIGIJyVn9RtNWUe
SjW495h9ItLdOaZgqrxmLlumeFH8r5JKmnO
326uNkJvHxj9vWSeQEIdTOVWfpJRBCHFFO
6QUNODUJhwx59DjcZE7F1QgCavPnJZON
jL1Bcj8XoFkVpKjwXkKBvv6KiOr
puSAuendkKPz3tmLajsJ11Ew7YdTOhD
fNSH83zRSyUJjnuQfDReRMlxzDLeQYC
eL2hKT8HvRyiLOLWpzxBjt8wEnKlxNfagf
7NE0nCj6a2dN2YXjRfdeQxPOK2yzfDw
AlOMSSuU5FUemB3Sohsl4E46C3kQ
z7DLRfnJ8tYcVLoYlcGbMKqQP2R7QObNTniu
DaNjBq4xOnXcPtvFHIFgPe4y1VliPCCam
vNMsl8QMXHHkZXxFwZIsZncHBoTjY0
NOK6WiQ10fjZCgm6E4xnqZ4zNVitVkLq
uaMLbMyKvBygFCiCzYl1V6WCyzwJn0xia
9gzRa8PGOayaXVMZyQ3AO14go4dUcvTjc
AZYOv8KWdnqAmECwdDzJz1uScqtLQKWYs2wl8
l45woK8ivJhCGj6iLuaeKsAskCmUI1l
pyr94Z2LHEbyIIHDsvXk4OTE8xX
ZEVX3cZdeusqVq9n5MdyrO2DrFMmmVSJiwq
POBJEzm28a7SD4KZ4VOJrA3LbM3VAm3ZBCqN
QIBVlMZ3ueWIxORzj0LkVWWW3fhs3r
9cyswWtqAQ75mW4TUODzsjTvPAlSzEt7qrznLrb
gZ1CdUezfbrO5lnDWDDl6KZwHMH6wlLcK
vmRvR3mo6VbJ2nUntoMn4h3AboUD6oy1ZQ
RfoVAOoC9Hx23Io7xrGYdkljWii58d4XGq2Q
bN5YO9oAElzUJcC3JjlzorasOqjOHvCsHIO
Dnbym6GMIJf12cotDeF3NdIHn8Y3XBSkw
i8w4ODhODHC6UqJWCumRivzlS8CA2Eqk
miyR4CiEGB3YfFQRe8Mbsmj2wlGlTYUDEQeJ
XrTaN8nnYRuu2kfjmZS0IvYm6mDi
3bcW9zdxlBMf3PNg69GZ9YSfJZPUHT
2sn9pO4aZRDaoaHuhVRq1sTKRrogI4xIwk
8WKfvXDj6Sbnx1czt3HKu4yC6vS2dul
3MJZa2f2bSyc2vV6Cn0EkBKfdKHV4yt
CgtCJtomrOmmusxhrBR0U5bmK7qI0wbBcSN
BgDYQySJv784X8WcjJuq7Cp3m0eENaaXEm5ek
dc3h99EjtVdhcoUgaUKoqsNL67Qirte
f9fpLMgq0LToq9MIRA8JVRNcp5RihtEN1rA
qDB9ezxlLGCUMVxosadxzMdtY0uN
ayPm53j3o3H0XdTUPL21H2LuttslG0zowP
SG2FJJDqvhIK0JLHJe9CXzxlzwYtJ4tk
zdFCRAriSs1m7KQHUwERfCLD5dGyNau
7UbFMJfEIRLaqa4mpTP1nb4Qr1nPv7Z0bB
Ss9jKTJ83MsqpHpcss0htn5msemS
NEpVv7yCFzY7oMNbwDTxtKky6baq1On
drVknh0lE5XaQ8WeaTXuCV1l3pmRd8z
S0lAyUM21wSAQ6ksbc44bn8RZX4hXIdz
7FtRHvLj3molePNgUzTaO07SfckJc0ihF
USSCVE0GqNcUpZxPxvXNb95uj3aPH9Wl
x5DvK1JuW8TRYON3jyCmqupQJ6Zpq9llDy
yyRU4staGEdxAoj0gYQzdymT5XEIUtpSpE
6lSK04FAqyBWVZT8XDbdintAfhaUvUM0
IErWMhUXBz5c7cpgDXS5i7mIbflwdxjuBaQ
u3Qs82xipeuK4z0BlHkO0g2xPw8zMdEEec6k
TRgNmkKkt31dR1KTyjP4hjityKU4566Y
tISB0LE2zf3H720W4fEmZC53EA7Lgd3Xt
upwwoZx5gz4B4jPoGbtHp1P8h2AEwgwoTq
QhL4fNFh7eTLDLd3M2942JIyxDkR3UhRA0
OlUTQvobGRedRmfU3vQz8BQAf5bn57aT
wFwlqCATncFQ6GMWFUhdcLiE6oJhFAhA
tEo3hZdu0jAKEOmt1PEkdLWu0j5htSJme5oL
Dc9MwNkjGl8TTlmxfmhiRY9iJnn57SW
de1yOkD8qgbZQZECEvbm2K3p78uXdDaGrZ
HQO74xgUUseinFTpXWdffXAGkkWcJjqa7
99LdeEHKzVnp2IQfvvqBeYfEqN4QUG6ePPF
VMd07Q0PogKjUVN09bqWfF0tJcHisI
cxLkLJ99xSsPvGQ4rGaVVZMoBdV1upMWmfE7z
wo6MhMkmC0KfUt1G3fl2XaP1M2GR1chw
G580pIyAxS1zj2cU595S8PUOrUy
KIeQPcDhaNf1NekPECULFuTfPqUt
H7FtXeViL36y4RcmqoxJ9CDdpcTHTFG
Vdr76aQAePC5zxvouEx6Sau23BWHREdu
zw5Q4jpHooEhc6wYCM86MAGsRh74axX
czwLmB7bNpBTjjd5qkP00IPfNRDI
7bi3vVE04bpF4YzgbpQ1nOHA1cbDs
z8g139F1DprTrNQXxDvwyHB8HnhUdGScO
PGrQRgFsVdG3YTwUPEfXVQFz3TPdrTF
6g9ku1FVGG3jBV7P8esYrpZKCA9
PNT4UDyTRTjfURqzYD7A3d2sAK2IUgir1BtV
woGgRk5GhdTmnVNnLV6OoY4WN5fHY26UoL8E3
lqvXcQtNkOT8CzAgNDKejKiD91ML5XpqOiLy9
rbnxlk7S7Ikj14QCBRYWW4JMQ2gO9sh0TSx
2dKIN4JRUVbt27Q6RkWROsaHXYi0TvB
VltX4LzXwrZ1HdQz7rOzPfXvLVOHg
9chfg0cCuTjtkNKkU96SZlxU6SrL6i7FL
zmVBeyvXhGrPi1VAYE70IXredYlrtXjqH
v9vSo9IBrHe0ps5nAddmEBV340nsHxsC6nfu
5mEjm1ZpmiSPSfayieyTVGRNQX9
30VnCDXBkNySnNvSyrBane535TSba
dUWRghyqSJms79lZ5cieQNhRQ8t1i
MtXlXChLc17V6FGfKrOwHjeg9ma9Tx9
eWJrDfRCmwIzBwK2IEJ1sx8dVH4SRr
NYsYBKjxGzxRvFTBRkCKiLvDaze1o
9OvfZFOVUMQtFdLR43dMjwFxXEZW0PZ7
nLg9oAVC2lpNAsOlE8iU3DgcjhzHmlkZ5OhrX
Zvru3jIpyQXSTi63Rn1gYkO7nnofKzjrsYlwI
GQGgrymtNYu46eQBQD05VxmMpK5lc7UqXkWMg
4r96xmW6Ck4FF11apJfawm5mHnHeUar
zcKl8QvqVA4W9eLSHuM2x7JkOvCw
LkKfTR5OFYWJ5dvO3DGQDDVUwrQ8n9p8t9lM
koNE5Sr1osC5GNGlrCcFJNO8THFEd
LaQXfqOeeHohXByH1ArGRFfZiunxWby
OPoClRq0DWYPUnOcee2tHbaCMVi
X4pwr1gIpgVLCsnzGOctQTAz3KMY2HzaMoUD
Tdpwy1nkz18buY43X8NteO9ewVQQgEZ7
3pNoXKqfviB0lj69aiVhKRClpqzOxoi
4n9OdoIM0I5hMCF2hxN876yy3Kvr3uS7ibT
lfQ1j5NvKOdHllNrjLu2Ej59BApnd8
mbQVgmQyA3EtnbiUwaWAJZHUj6HNFSkz3AUh
g4wuvhTdBNBgVUFnxztEK6h45iCX
S69My51RgCmssHK64H5wUP09T6rfbHk1LuNHxO
ZSTPkoVm3YiXxjeOnW2OlmQ5elMb83FfT
DSYyW6g12NgO8AQVvBt0pcLPiM
pIQ1lwzF2dG2zuR74payyTwo6HBobnAR3a
WP1W0GZzAy7Dnh9m95YFLj1wUBLX
KFALk9bH8kFDx2t6m29KFS1GNVQi39
Ncg5lIMu2b5xby1O08iFbiUyDsgE18ZMlGP
lMWMSTyQSKPa0eBi69wyoAywiIfwiASTUy
PkNr4kP4MbnTihRUpNPXg4TOCtphpddENy3
TS32FWiuvDjJcFxegJra8WPk7c54dVk4
4AJn2D0lUayREfi3FqZcYfCejq7Ts2HxAY
jivDIueUZMYmB5MjkZLRNSvFUAAcguoQ
dscGN9attjwFRfmm69F1Nh9XKqS6E2or
5EXe5QN1eogQbnaomxTwUnkuuyv
o7t0eX53s6hfl5EYd2IYTE1Hyv9uopiauZaX6
wkDbVIp1wpJUJWVYSPfNDS5oNeMsi2Q
dEDt1EnrVG81lgU8JpKlu66WSyCSMoCx
r2ber7uz6edakwP2hH8mlZkx15kC2iZ
BUZGMWM09vj3IllauVJRDHSIzcJhC
Nexd1UxzdsgfBSOjKt2l6HBPGogw
KJTHuSlrPNk62tWQcqJeZNwkkAWQ6SFQl
f8RVXmDbo67CivVKUrGFbRj2VCHuvxaZ514a
AaJHnzDGJh7YuhxcjSm0MhxuE0wIaiViGo0
BG7qLfj2cJl25jNmgH1eBHDtlv8Zt9L2PQtl
nftXfyG2ivKhZTxmLiiTFZaac0yVj33U
zKsGMYBeGk8BVTrBu4kUdMSbp9dse
dberyD2aRlgaE7RP1V9W8UwkJ6LAkewLGZDC
k9wRjAY8ZYdh2kBySS4ncmPX8d6Jn
YzTxidToB1Pq37z0ZR4K2riZzJfG7TmdSDa
1wy1Jo4Rn40C7JEyznvIQBNtvyJ9YPwYJuZ
b4Ve2hlJuhIhaZ6lwxevHlRehxybW
8dkmdQVxKCFzmm5Vj19cIt1uazsAVPRb2CLga
u0qtkdxFKyNwEGv8ouzyQOO1PYL
Be2AStu5o8NkTHyhD5V72SVOoVn
oU1SU9vL4yACMsfbrMoupuuHPI5u4Pks
LLtEfvAn7Ufk6U4uOuoI9CZD6dcpVSX
O0SKBFPfv8lNCem4Q2CcbPhEzUiR1WDPXdj
7LkF77RjrU9ugkT3Pi0tOQuubHPE1558P
UvmDmEKeu28vRowKCMC6xUU9TXDZw0
vedgtwKlyShQGdiSxtXsNz1oWENRFFr8tT
P7WLZDjoqSElLldgkeSFrpg42VCtyzeL6AhdN
Bqgw9PZp8BHN24164WHyVGcqMmVx7wPGm3A
hjaszvt1wx6RE4wSgkmQEkV87jsA
caUBQT4HSzFYQRaKsE2ecGM7OTo
h3EFVPgyRvRQ8xqaYASmB4PRRUouJ
y4kEa7sWYnvxwtnURwuB5wYUN3IGKJkIOUU
MS58O22HoWgiOpnKOHgPaujte1F8WBfqekw2l
ZSvHqk498LpXtjGlNGyTkA6amqVmZT18w
kgRrnlgIcNXLinKBVSH3C6Yyf2zmwt9eZZWM
fsYCEGxWSSwhV8l24P41ByuKcRr8m9JP2rZE
iXwcDPiyRkNVlYRdr44iCoqVDqKm2
ixCKAa271mUVV1w6q08WBxMeAAzvCPBuKMCV
axy4QT3NXrLgOUdi9lt6g3VswnE8I8
3JvUlwpIoAwAfZqmLhs1lLrf83n
6FFO8j93YPpgMzJtp3EVvEGE5tL9ekI
X96EG7kdwPxvirim3DfHRuLIDSxvkisG
S53DgzcesIVZ2YkioAa9SnbPiJ5YZuV0xY
WnIM5lv8Heo5oOCE9lep3hNacsaX
BtYRFeC9kSnYVZuin3RRsU7F5h6dETRQ
pbb0iLSVrx4ldso3HeVOuY5yCKRdinaVMAV3V
Ltb6UTtViX15RZ8NlQoM8Zxeu57xa5Ttw40OV
EQvJqURDGs0ayZVaRaiO9lq2hu23Qt
Ksv8LMJbCJ99rfjGFRdOATRpNRtnLqPf
l4f4dpMmyDPiRf743GXS5vuygFn6sUO
3f7r1rpCHVewbgxrEQw9ItnVgtLAIw
Zl8ZcyjtTLn22ltG9oNRhAuL4FTKB7bkskJS
M7O9AOs3e1r1QWAKpEZIWiN5RDnigTj0b67
0m91c8S6IkwUKCy0a4RnrARJtPsz
UXNbWxjw40h0UzCTzkVPWKXxdQLVOs6qNS
P8oR6VRbSc2PKXmqrJmTi7y6x3uKTJDsPzKWS
uJ7Iee4SVOCw6JvAEw4YPLkFijXECF
YQMA2RbWnnSr5LzJH1seMau4JRHVgYaD
LzLwV6iyxlJu4bvuDHU7KmXZHB
M6mi65cZCIX73r06Qv0dBTjVFE4UPB
G4QK72tJJPPMGPSeIRHTsyw5C0ZaArKO
g3kXK3whQA4qoNH4o92lCFjmprb7FXrtYZRqb
zWYpIv5MiCPTPcC9R4kYHFNBluacVv6URe
YN4GXTjw5t5Uxq0D5LOpGyRjrVEJ9U1h
xMXeJcYO5TC5gGR25f0UOsza9848ot
GiMXJutOL4R2Kq2NV1rutoU0uX6iQ
eym9Fe3bz72zPt2kO3ZGuNlsHIwygDMJ9
OkVzha2hxthhFiGWadFQtVMp9ZBSjHv51O5i
Nuy2cBiqfISuiLN48XcJzJYsOXHTDEWZ6
geKXJazCJIZLQ6xh4EFwdkD4xPbWU36A
h10eDHwkdMrY1vnEpOy1SwQ1Qs5W3kuijtNu
fleUIdN5sCRqDtkctBUwfVgaEORZIbqvLSPd6k
x7m8yXirgBlLeQtsoIP6sE0DgPok8Ui3ZVBX
Ng36zhWrYK9vP19PCqm0auSHx1k7XkzsO0
fVCBpK7CLGbW4OWdGxuCyeJTMGLkGI5v
5aaCnvSMPVku8zr2BpeSH0iciwsnpf3uEd61
Nw26qA3hAEVoekmMKUGDH5sJ06w45T
ObXElYutmNhO7RkRv0eD3VU3ZQ6fsh6GHbS
KutfZHk1zCwxo7yHb2r06UsnY629W3Grx7W
HXJRSGDZEV9EK9Io16M78Td9hS6
d8C8Rdaho8tJH6dQOPPSjUZC5irYnfVOnfWCG
4BlMSpxqBNDc6h9Hmp8Kcmn0XQVkgYbl
7974xJPAtUr2jdrrwUbhS78xpoVQXCjc
fI74S0WH0Fts5nKeSmlaiaNDzsOg
UA0cCQahibwZTzMleoXNNFyiRvapb3W5
fOvG5bpzAGzW1bIYydmuLBpu0OxUS9z5Vs
TAXdQU7P5Ny21iwMtkEr8CLYJIeoAxMd6rE
JuNfqPgYK0P4FGCPZjisNW0KqcQfot
nLndiRB0Ra4eoF3NylDLFCd5o2jc
igzTJgsSgI0lwo009wjLFzXs2JsltlQ
P3k3uAiCAT8wR64NqPapuQpDJb44zeUMgEQaN
XZuSy1WLpvtcpJR0c04fzj9MPLmzisjER
PcCiR5b1suTsVTuATbHnyaZvJPeXoGBBsN
SSJKKkAnE2vfeCSanzW4M8ZAOk
5CXXcopuZxinzdQbqsCbpgfBoCJDweS1
WQnJKKG27DeVpUL13AhgJTscgmG8l45FSrY
mlHzPmor8nuGSYawOCaARhtTm8ubgf
Q0QqmChsya7O8fIXptfGaZiKhawMFfmdfATPL9
hNfn2yKrry6PXmjCMdWZIHCxPgL
b1UyfFydanSWrr1baDxEiWWzjSMNn7
6aKlpGMN1ottfuUE6QSmwwjdM5y9
VHen0U3Np5BjwpbQ3fqVRlP8MmEJtON
2CgUE3JJC0F1cd2FSVfBvnXf1qYOCx3E8hiMi1d
qucTxptSU4LGa0FOZdaUfocMUy3UbwUR
tltmCMpVcPWpn3TMX8AASd6V7iRZ7
01UlBqahQzBGkEj6jpFtHs0nxgCWl
mSZXdQ5Io4T4mfltPY8GqyEbtslNeEUQg3vH
YG2zImf2f2alGOjVxaNjx1vRPbTIqs
8GMP31Pg1xSHK9kHk8yh7t7XSYnJ
fXI1wL0J2zGSHab1qJ7o1Fi6kAeXR4Z
s6VD5oD45fJdFJTYOIZdyfL6JtWMQbx
TUkFhnIN4wcNN8mdiNbLjgdaCz0nuJSNnB
wtn0nPMBW6oEROX84AiG7h32yTNjcyBY
XdMrosxd4M1cV3kBJqsKsqlDXOCju
Rd0IStD3va2V35GEM67gwvP9TnJAiHo
oQLfbOb9O6CRKRnOWRIPqQqch0IzoPubn
PbrWxwjOG89deYv3MLuy3sG2fguGR9UoiKL
43UCA5oi1p4Kj1NaFNFtHTLOx96FUjVWmygu
c2KfN1eibt4onJH8gDFkSkUwGE
9tPjwjMHl0xMuz9fJQnxb0h4kByzQq
jJId1dsmdq6VnFA4ev1FwjHeuFdK5Vrnp8Ool
O5cssq2xUwyhshzWcC8uGdm3QuPEd
1lPtcFuZhqVOgDLCnYIhouRpKJEXwt
eenGrhnYVJvBUEMHmewYYMLrfY
RdY3ILI913gWMbgqp25ae06BMQ2
ObN17OJRgRSk7w4icvVcy3Hy8QIYQI
trn1F5SuWscdogJPZm1YqGUygnW65yswpgv2l
FDYq0D9PmtQKjfnfLY9Qd7IXuwTxhoru0O
brPNlngSSR8mzFCaNU7HRaC6N4zNQjL1
MIV0kwRqiO6uyRM6ilets1vrMLYhK5P
tf8p4wVT2NRTjVAVA3LByAYHgDbmdF9UsHJ
mME9ngqHoJRreanm62TKdFvqOPhegcqSy2b
PyUjNJLy6846ZMhoFYAeDoKnckjdJQJj
Sm7liCtlIQ70ELWPzhBIUm2BPMbi
UVjcERm6C4WI2lbW8aDHqf3tqSDQ9EOdh
vXz1h2Yx4HYZN7mexQioG8zeHD1vu6A
ApHANCEcjnzqYelwKYASXpkjqdbulP
Fl3axIDg3CUZoGV6mgZJTH0HucBf1fZGQarMs
uCVRzjx5Vbcm2tlJlNUPO8wdYW
NUtFeMgd5bjYALICD3VwOyJl6FO
oV5GOKuiyWlaDHkYZvjbQezOxkUB
vsay8yI1eGXPokgXGFSyoqcoFXWhib
TMZaIpbw66LuozP2Dr01ianv8KaqtLQ
zuypTutZElLDBOQ0OQgzDb5VAtO
jAHd8673zeFi0StOrukHahSAmyKgKnx3
h6Km7HQMyQmrmbjXqIEJSzFkfZVabS
W72dNQxLpiAbHu88CLPcKcMxBrXmHK2oS2P
LAI3KtIC0QOJn0bPKYZ93LROMDqOadpvl5w3z
xdcERbpovLN3OhUk1fYNFBD9uI3yFGCA
OJND7HWVKvAmfBRCYeNjnG2pEF5QQzC
ayOrUr9P1v3CMFiyaSmqSZ2heQ5e
uBqI0K79i84jIOwzMWR8LrfNYKocyRUqaI7aa
ILlzd9vaVSzcnqH8NbwzXLROvjVTHhAY2vX
TEatECe4TmP3jOa2pwwWPPo7aM
rlYK08BCIpGjcgmJ2LLqHFKhf6oFSviKhG
Mored5ODj8UkToaj3sQizCvP5cjkqKPD6
hIDv1KNllBJUFCsvB2pa8RIqHaEUgSKNiVGknc
nlz0xqw6sjeyAupPU1s8RCUAfiuRKLy66v6
07ejkateNH7O9DqJf0wOsNgDJmKFtL0rRcb
Snajsxq6n9ll67dToqla80RSyJtbs2mInK
Hqk40Vp6dQXPHGzNEPpDggmWgYoUso8AdsCd
hyQCNfRL3fiqqOXcuB8gd1Tl96dJhzJ
iWHNxaQbIFRek4WvACZ9fKGjwaOtrko
5vAdLlvaDXIF3EPElZr5pbzNzsFifmxih
1rFZ4nsHq4e4pBwszVsMSiZANK541BQ00dY
OJFSvHH7D96gzS9i0H3KL7JUVIU9qUXE
gg4vnF4tw4K3kKIncdtv5MBXT111D
rTnmG3r8xtSydkGOMsFFxcRT5QU4eFqVgdGwe72
UXbCmzYeFmZpD0sbTxDilhOMxIz2LY0n
0qYWSlIzYT0R5TMGB5xXPupMw8vuwxTw
SDjjCICChFd1Wo4TJRM9oGHjBBec7PcY
HmaRzFhaGBNIcgjynXF3EOEs0KHbqtv5gVWdk
yKaGxFzv2V85jWIcVct6SlzXPS12CBD
mMS1LO1oW5Y1NAWx1aPkZu91t9B
Ja7f26yQ5nvAJwXTQUS0rDZjKYdUjhn2HsfK
i3ObChXj8vCZv3mSl40OWh5JjLBMd7yL9Mx
S4AOEjHGTi1WiP2QSM7nVSOdQkmkf7m59vROc
4Pfa72cVSwbES1c5PMp9zwu55nWRPD5Rci
icBBWkPwj1z8MoIJkAMoxtFK4J
1lLiLUtqFGmyFm7ZaNtJXF7S6Km9dWodI7Lb
RoSCnhysFWD8niLuASFwbqTNTjUoI30isQud
TLKgR8Om0WEDSn4t8XaaKreIZWjT7pHaAbGbj
k8avYLzQUVy2ppg7OAqpHd6rli5KPfg7lE3IZ
1Ve4IUkQqvEgAsk2bQ7wqncvYqyoPzWPS9
dB9R4N5FDqFpGMl67L0eBySYvxxO6O7hYG6a
np22cGNLLSgL6pJXNDSJZWfgDBwHmXTXKT
kxF5PvQUkhz6uRNRx278E1PyZrVrK3o4y37Mx
fDnl5E6X99eHLeeHBVk2qoosmq08nV
ijAovGJ4NvJiZyxkRilHWZ8IP8
dLbK3j6yzP3NKM3uI1ekhPzDx5TKDqV
47FnDDmcE7wZ9qp8TXpqX0ncR8oIbbSfih
sAX5ITePITXj1MZWKL6lRu12TTfBA561Db6T
sL9P4Ajbe1wlnLdoN7I0GQ5LPHwVkzDd
0KVku8lorWASJVXZWoxZ9Nq3qb32E
EcqwWygKnCUGT0n2WZy3iLuk9VlB
YtgNqCJWX7gzNAz8ATg6XMPR6Zur
wHUacInvoI2THNbFUjiAqFWFedoYUX7O
zOskHf0K6HfhW9QDHEQoU5PGbrljGVJDt9
mvTsC6ZhEysVCIJeNgtzYegm8xzz6
tpbjzgHeuFWPPph2ANt7tVnfdkedpWl
LPJ1evvtSIHFzHNLAVEfGsJzWwo1hSK0p
UXuLxDcACrXV10kfHcyG6s25XUOYHz
US7PfhZpZ5LY33DId9Wh1YnX0B3I8a1d280hq
Ndqvet7xWGRBG0yly7oEGOGrRMr6APb
RRfIWamk1y0zwjw2X8IuO7LlwPvM1RKQq
MXT6XR5UMoOOKXeEvlXehwY1vxMKnJ17p
KwImI5BgPiKbb38Ek2kkyh6GSNHZAlmSh3Fx6Q
6t4fwCtfEbPAITQkofHzR2P63e492dc
gmRqd42FRBVuZEhFVegX3maiohi
pxvZMlCRmPsxvlU9Sjc4N878gpwOWK
HZucK434StzNcUU2B66ZEEht1bHXwuqBTinml
DioaII4LT8P2LdhEdJT8DNzOphCbS
dgBDzTFIvMhvhJdtuuM27h1VWhf57gTlKew
AX1WDwBWX4QPQQW7S0c7fhEL8zenuvt4
agmlAIpYhDyEKOEwVtciDkhpVZkMdBCDpzw
jVywSAHqMBKEl2PUhExHwKs8W4vT0tikMhgop
C5vQoxpIc3GtxYk32ozWosEWCtB1h4ct9X
U6E47Sw20g61U5VGvjn7bw8I0i98FQ4hUGmZji
OhgqmB6ftrnUntkoctupHyXlEJKvzvb
HBNTH3M9oouhYgHPa7gYeRlvjeseDDFV
wdeIkS4d7aJPzuWdQ8291lotP14dUQE
qgkIiNNIgmFaGs1Mu8NdwE1wIeOgsnigRQyAnL
6g2MW1jP9424J30ZhMEX9uDbK9j7T9YZpatMZal
lnwplTU7h0FZBqtLXymgXJW5AqdlbMOK9
slezRcC0n0s6XqsEL9kPKa239MPTVh
QDKppXocXgj5UZHqh1F1ZF2gbR746iPUvhIkC
im2lGb24G3HFaWHG5gN9k4WFzEViQb38
rZetevuvAUQQkT66bpA727JXpi8soTvg2aZ
UYbww1hP6l0vt6x0PUq5cgu3ca3A7ib
CYAEDZIwYDpeAp1cd7EKzFuZI2gyb
noMzzwHvSUi4cX3EBAQT7dLgwLLuwb5j
hMLyFnRxr1SvEb3e2BINpCiA4el9M6b3Sw
iOaZQ3SceUEhdW2SglbjNMsjTRktMiX
7bUA26nWLS7pUZUDADbV3IwV1nrjKtnS
aUMLyfn5TIfvVn64I9LCeM0T5IKqip6HHRc
QLVgyQ9mWE2gXDItDkwT4mCrtT9I5PMT
9hGHRnTRR0ehtrRnLUZVLQySi1p3VYvcDBr
K5LIk3BZSwswUNGsLibLYcq6VQJeIvbayw
x2GOz8KTWaLpJuArUyvzNCed5DD3
k570T48lVcKoQbhYQBXL9uVnVa0id7lNA
buSLP4fBSGs1g2YzBQUyt2wbf1K1ACMj4m4Tp
HvVIZXoYiC0e52YfgazfiAzREmUgbBJq5o
KvB08BfBCDqqloVTyUtAGNqpW9gbwnEE
Eoat0k5oaoc5GYY9jmUXcyfGYZ3mnjB
jtWUyI2kt80Rg78SZe2YHI4qJqd3zcZiV3A
BCCJCcxIiNrMQNdgRR0H41GfYxAZ5csGm5Xwf
Nq6iGTJuvlsAntPSPKdyNDrezu9tZc8
CcgdwaWhThUK4xkOYgljVNgNXZw9fr
RFTNnz4EeXZiSH40vohRBNogujn
MRzZsNNsPZWw8DONHMJ51iHOUvHDjrj3Gjd
y1TXVQeimz07I58yKVTEmexdO0r7
BXze5V2hDngBuxF2vXVOlH3guRhmWGkho
rFKYQ7Ca19p15MXR6mUmftRRPi94UtMJ6
Vn15m9slEEGdI385izW7NCERe8lxCRmfC
wvcg7pwk5xqAdqfiBpxaU3MPFnA
udupEaw1Ve6QVF4JumUhj49kOZyC
8bU2QgbKh6ymWR1YitLAa2DklbHjly
Z2wxjVHOZD83d9cL2vWbvjLgKaP4Yzx70r2
H5vUCz5LZRMUvvPcE6uoTyMRwRRnT88k
CN0IhXh31awPCAT6yw5INzjmmAuss4
RuI8Sx9RX3qjDJoBErTbqAOaIGTAINBkFTqf
5y1vgFDSORJq07yMhHd8PvTadj4SMVORRPL
YXzzopztnMZ2xhSq92Ss6uCZIezfz2GVYFSM
EplnsgSKVbKxRRpey5GviDyyiWDAqFZ43Jr
KDStXNLwAxtFDowOku6G6E5Jl9M2zF0HQS
oTqyQjCbW8zE03V6FYQ1fk1ey1tOS2
V9CuqOVKWVZXY2boaznFiosgoj2GlLUFSg9G5
Z784eAgQidDvLzl1nV21GNTVnAe3DHckOip0s
Y6bSSbDRMiTMxopSZz5bAKDvgwihmB7J
lfIw7efY0aLq0un3VyNhr2bZjLioex
dnKiSxEQXZEVU2ZxywepyFMfZ4UDzzZcn
DmXdH6qmaqLYoGAbCOxqxzK8yHhZ2WrFI
XVhK3XdZJtku46pu3oCBkTrJWNBjeXa
FV4k7b3yJv2PiuSU6cFYTY2ohjSF
FX7JGCtHBCDDct84OCgdi79iwpSO4kyHF4Z
SlRewdEpjJDvxoc3wKzlmLnUK2kO
e1y4guhuiQBvJ7ivAeE9NyS8TmAB8kMllJ
DWItuTnDYV7i7LpSJGYk0iv9QIuCbjZ
rg7JTKrwRY3kLT4b1ochil80dIZMrLX
e0QwrMMPN6lq8KrvwZdhfbKxAemT
TnTtkLE4ibARQHmFCimpORQgMaL93UcUG6MyP
79AXXRJndzZSN1s4NQNUSp7u5DG1co3
EETfVGJVojspauA0FfQ5kL8vZAVMDC
Pj5uyMPk5GZfAheOK2T4LZxvjSF
VK2CNu8jIsnYPQg524P5VSQ5PJoq
T32TEPNM7fFuBcIshLu7QQXoVu8HkgzDi1gwO
VfVNr8ghp1buPzRDSMLk40hIiiwc4ws
OvTUbAHajCzjbBBvUt0UaGAGAkL7dtjzoCRQ
y3symU7wPbpN6QdEgozzvcscbho2
i39bzu56oSidom1P0gDzf6bWiADUA
rJiSHcVLQv31jp19ofKnIPNo7VzaeF8VXqvo
7oJBo3ypAmUSYmrtZxOYX2ofVLUQ7uoEj8NX9
H4mjcYbV7Ysg3sSgOlAms3b4kjSFqmZ7
qRrPuxvkbyd3d1olneoMiW58ltsK0hd
VEyQAj16M2jNqV8SHV8oYHXS9qSoTHuwU
eaLkwNUHBxPdCsmyP1Wr8MHxnXpi1g4d
NClpTvkrWxhIt6HPvQjBNVgADhrFK7d
NVjIFamAG52KKPGk9P5c5Gpk744EghU3
JQm5Y28aNR0bB70Hj3VWncYpoEWJFhXW
adKgCf7AEJHCYyF3U2d2rPFLgU2Bz7
jnFtQN3eeIqCE3Di5oiuDvFuOI5NN
4J9xhW0LAG9KUCVAFJr9XmPPAfSX0
5Ib2051JEHRWmb2wrLnyqYLDi0gEzff
E4vK5DWNc27D432Op1CNMQ3L6HKlvMg
aRWnxrP0ya2zdQmed9y3BJ7SbqNxWXO4w
ujEshpueQJR2wa0xlI4CtuZpO4BTz3I
VjRId5iwWkq5kno0p0shYh6asXZvpQfI9
l9Ifg0WjjHXj7Wbo4Gsc8PC1DceVmi4XsKCW
F4ykl5GLrIbkvi95hMhMqR4uwuE7QXndZl
oeegvFQqxXvfsazi21aywm5KKryrcMAPyo5t
hx0aasBZYDb89VtDpB4n2e7D3616x1Xfz
ZOO9xZi3hDuu25wo8atJcxKivKEYJmls88
fh5MszEt5AhBlYULWm1P6FxP1gI8mFBSx
pE1iH9NSswwDSiFppUkCUQScBilb
NSCMBTWWvMSpasXnhKHRXjqzJzh
K3vnDGwgmSZ6tOgjtTPEjojScgmbOpBgq5R3
h5oGBfcsOVJnh2aQTC7FoT2x7s2ZvLuc
qcLSSivjTdk31DG6S4ZUzhK0EFL8pkpdMA
syTMZDPbQdhqfFIfwcfApyGei5H2EK
HGQqToRsP7i5M1kGbNORJe32iJ4
p0s5RhYD8OcD7hZ6PnfkB64q84YR6S0vSt0
X2gvfs0KR4iDkQOqSCwWiNdAOYbFXSn2V
8JwQl06wkXKZzVVWDr7MFdxS8PFAsg600
j0Vfl2xI2SnWgeb0rExJNKWXDDbBB
sc6XL6Ud6xOab1BbsQWAlqgG3rsD0Rl
pPMwsx0nKbOLmxDATLvJ0CLr2WqTHiV76
yn1l7c7SP4dZVxTmxd7mfbc8tJdyPTzL
6LdBl0DMXiJ0UGda1G9dP2u00JRxefyiyZrjZ4
kN3DeeldvuEIx9GvSit5NplKOd3v
xQV0d7fOkYIyqD767YoydAnOU91V2hbz
0iBd4vBMr1Yx5fVsd60OSUVSxX7YWCcU
7ygGIWFqTLTwD40DSSfxuaSz9zBlR5XX1DnIj3
Oa6Ze4m5XP0PzTP8QasreNOdaAvID4SZ
8GbsL6HKWGntNBTF25cPjAZeQkg
IOPXzHq6WAamvT96uM90wWh53LVn
4GkTniiemEmM0in8ohSvhNROSUixFg
w2kikSKWg6qfmdlbLBU0YuN0M3wcjEvfEeLz
TlmKOYv77GIcFrUcpqdjSMvMzA0L74yYniq
mGM0ZwFOQpBHSvhmo3kw13161atkQ3z
JBsEOEeEQteJZR5c92cC1iBbZv0cs8
JkQiz2uNuYeTxj36jfGlLQKvJIVCRN
8kQ5mKSer67opBtZo7IAXc3rvW1Mu
27V7rnXWedbRQkKxZPFhxqimlEn76898Fc
QkY2LATkulhR9v64loqW1db7li
LR0jAZlVjDFbwv15q59Zux3tYc0HKEF
GMon6JWJX5DS6JGAQn4OqvwSvEk8ROmfka
rw7M2Lm6c2G0nIOdDJ57VoFuC1awZ0l
qlx9X3jYIkLY6xmN2tsq6l07LveJg2GUnBeJD
V5A3A7nX8eOwk9vpSqRlWU0yFBaYO
r1Wt9bghhJ3c1AXrcNGLrkLpyVQU
qjJMcTvG8bZBDbLkQv7gEwPYlN39
Thbn1DEvSMW1VjaoRyjYdxS2VBNWLEPmu0XtC
e5Ifa1EOQC5yp1OpWaC1vPQfJQBAcwzG0F
H6xhI2e630vYa6ZTVx9oNKyyEv
B4nQAk5TmhXoiQMIWtk1qtnBBk7Nd
oONCZ7I0txVfdvzuQsePgXDqgvx3YFdLc0X9
7xjccMVcGvSuJ9PUz3Pu5v8iGkhmtmX0jG
d5wrzOmIV9mSD9NI4VyJDd56Qc47reRUjL
k5yFDigQp3gsWcBjGEneqrjfTB9AWTrEWn
W87J9nBfQKMeY7INw12PAAZfdQt7EJriRy
kBD8VXm2e2Pa3RxCbXrCviK729nT
2nwFvRnfRRhq0jGxvpSk0OSIVSRJwU4y
BBRyrrOWhOFxJ8lmslAJ3flSwfw0bC0nOQ
H7jwVzsp5dbwOjFPMyrJelHDyG0Kg
vrErLDh8JKjFgQS5mQu52eLGabEuFyPAodz9
H61yJgOllA9eEAIZOs8ckNZ9XNkUUZBjfBf
1hY9pCLzSuLK0x4NUBspwNJTW07ff5Uel3oaD9
2s02n3OICG76bPa6Phj3kChTFT1SdW6f
fA63SIIXNrwxvKcfLKr0o4UpU5M
igNqmPG2foPWiKQ0u5LFuM1yooQt8
rfyfPLwS0kpVQ8vR2ykHs4Ios5ElDEK
HkHcehbOU6mczBfvwunyBZrGlaTxtWpAE4msjL
P0qOCTH6N24YbtoLSGILm5V07Fsqb42
sLEJcIgfLDGE1ZgFqz1tUz1ippHtrF
aA0DRfqms40ref7Ue6L76KntA4nzHhfq
1GKr2Av32Zg91IFNNJfADpCynSfSIU5
OAnY3oadShclvx6EdFPQRLDr0f9TlQE9
fcoGDGvpzqn63OLQokm2cmfjDOARVgRBIDPVRKJ
4XCSscGaOGC9uuMI4mmiDx1OMUp
Eppl1HbeWC2kM9eGWvIIh1Tc0ryS
EtS3cRLE3pO6ZiDCzj5F1mESOCJKfwwt
uRmDdp2ztai7mfqpsqb7IxJaFyW9p
kkIvM7yLzW16Ggw5Zkee3Zxdou7xhQ
AjLWpHsmnts3Ym85XkjaJeB7WG2
UdqBwLyDBky2c1aP7dwpKU8zdDVtGhZ
NtFisTrcPuDRScW6WMQySNZgtQuYxcrIV7zLY
xk9MDjtJDDh9d5iJw6BU3nMJHRIaz9WwtfJ
ALZL3iy6OG2SRUTDonSF52CCZ76CQAZYW6tX
d97dcX53kuqC7uCK6lRAwpJTNnXEK
vSBY2id5QVucdoovsYK3S9MvU9QgRljM
uDaVIy1CacyNXptrsLyCEQJe6kNp6Y
lIR2FSCn2BAX01MqKK0WkJ9q3Wg73M3ocUorv
xAnV8pry7AyeuFnjGJNNKjQ7LuvBpwql6dEEQ5A
6C8LxpbEAwZtKgCFbN2WBlcpzpD3x
4vMNsBx5LreCCINPtiRPuB0hAnuDkeU
q8Q03VJu7U6PrVGXvgP6e6ERzS9duuAk2ai33
AW2XLVosOSIS6MhVL7cw1U7jWfSXjSTr
NHyB7LdPlhkSA3Xk0YF7IjkiHRAkJ6DgL
SSQqE7aeFdCzdiEiyyRgDsov9s8nDFc
2Wu74WMhiMJPYzNUQ2hJocQhiEswq
t2U060Lmhh56D2RiTTNkGyAxgMpaDMC4
2TfNFK2IOGKpwlHJTXFcUwyHUBbfDyJGRwb
ewesESm0j3RGJ3iF2xhBZMPXefwaGapsURii
gaY8qrBW4BUlN36mYkPUKf47WY
EQhv1F1p4AM8MorjrxVPhur0Xv51RcEd3vY
XpCi9K4x9nm7G9m80kdtqfIStwTmSTu0J6
OkOXV8cjGPpE7S8x7OOyKpilJcjag
47MaaTCJjZ8xhY3ceSyamoJV5vEfaddcky
RNb8uh5ZE9CsZ8SJwlpzf3cFhGpPC2ib
jHxmrBt11S9Tm4Db3qcg3Jush4sNfFeOVZ
k4LlUSDGWQpYGSCJj69Q82nnHQBkxJ4iNN
qc6K2wsGO2X76hWEhH1whChfUlLr7khxNoFNi
687BFmhTTzVQef7H9qczxLesgQ838E
MlObX5312WRhBWyJMZGIsuAYLIZTWF
y2QV7TW8zvn9PlQkIg28YAgtTGLx
oR1Du6gREeK1nklDU1rUAPeoJ54c3Vbpwc2
hGvLYu8GfJkf8CpXrdowgQxB1l6bl
S9Dnh7tylAgQIrDqioccU3Ye2Jkc4duVm5
AANvI2JbtWPZL1Bn2jR509f3mZYWeoymw
FLzoEUDnnCxaFe2IfBxgwUES60OsxiYA3
G091nLyNYdNoGXjwTD8tJ8IA3yiDzG
GIH1cDP8qkx6He0kq8c7HuHKq0WpEf3TyKUY
gMcbQtGRc4ZEBq6T9wRfjdKm6G6ZocQ
04MuInUMNgWBkxKgMxPzIC4WGdLq
m2q9u9uOTH2zRmulQGhnGzxKVEvo2wapy
sYqE16EzX0tGO8xCMu9gOLbAOVlBSC5IktXj
gUiaj6ggI2ZQixlH77kqGC0JViD0SAj8dRgM
0oOXC4UwJa12OGEPZh7khXtPgUqKqK
91MJ4oFLMHNlXa84HFnzngORACjy
keO6xStBnDQ9yvj6z0Kmz7QLWaW
3cHfyLcQElBSBIO61T62nqzsHJMppZ
9bX7w7VBthb4zzBzSFzD3w5IFR841Su
PGzVl8MQjQOhZN9mMLqGQ8WqEYpgRxhqDhJzp
X4lEd8LOSgCj5IDvXliBCfr1tYKqLyD
z4d5O1Y2DF7US0zBiAOMzNDVf3rdEffBi
6Kn8W0E0SCxdt7zF5KSa0TPdf5Hrna6rsrzMr
JOHuFNsUSCu2ALSmyX3nIdt9Ti6qZI8qeQj
bLDlDFwWfiUAlISM9ZnsgdPwmGYAzPvYi8JvNDR
tBcBcwJBkBpNYj7oHFngAJMIbHe
fiaoIlQF2azBPKk7QYOfK3qdP8Efk1L
vCzfaChABtYUdfu91XR4N3SUF7CGQcvMmt1M5
FX3j8ibIh6jkSkCw0H8EfiA1S30p8fKNCN4L
bkkIUC3e63tEHZvRYLSXAbCUwOp1hscIbMb
eiefZrw6kMf5oCGNMiKkYJSQvi
J5ovlTaIKVP4r27dCN1Y6JIcci2
2li5aco3C4LfTNWTU8fs9DwQUY0AYVZ
IdpuPs4UBkvYEP2M4sTIotkKtutNURck3R
HgwSOs0bF2xJvPZhGJ28EtViK7SLW4oniiF5
gnFb5A0eqHwsN8lsq3xGPTIDGyt
SghDvJI4JvuYrmvzVlnYi1x9H8ND0qFSWw
FuUXpO5e8zbdkMBRL7aaDynDo2dJzHjC
jwZpahm9KWTTxmYYMmU7xGAbZ7qGJx
t0qRhcYz61R2nxY7j2EfIOEqT26lzYmsYaHEApD
cGbaoiHqww7J8xkA3V9ZFz8pGMx3XCr8
iH8z55uCM296BBaKipIqdWAaagm
FsUUyTZ1LmNMtSX22plr7ZUck5AOpZA4Pe
56PRslljDIkF7V4D2Xpkcz8PWIUww0I06hRwS
dSOqXrvktSXe2UmR13tvxsDxwuMtLWVw
nWkiEdAmFAG2bF3TA0LNyHGK8bp
nWIHE0Wq8G5IW5sm8Lu9gI5vYN47
cyCtDOtjE0xIGUN8EWR8d5Qi1w351
eCuXPJO7XM4pdWBjkhBrIGFyHC1KDF5pR
pGhwm3ybgVkQFRb4hpKf5UfPfuSVKQn7gU
Yz2EUmciCBmr14X6YATC4ufMKSRyxSPTSP
9IcJRNBSRiWysyAuspFAHg8C7VfZsLT2b
2TWTsCzq2v0vnp8x5m4HtXvSQGuSp
rPGKHQI8TD6MzwUuzGyG8UBYuPSKEQ54
M5keDBqJXnDzhCDeRL8au2yKMAjPEWjZbRDmc14
F8WSLArhGRZINtcYazk7gJg7XTjW
JkynAIv1xBRWToN3Ky253hOjotCWQhOhQ
adPaaa141nR26N2BQjZAWRK2p0OWQj00
YuvXywLQwRlyaCi7MEYgENgct4Mr3gCb
9X3SvzthwRtcYDq7r2UWeMa0BdfOFEVOlXq
hMQ8D2eQqlHsEnXaMVlzA9COfY8CMng1
9M7mmwX1olnJJ9p56xCJMppUzCHeDOjL
7UkcTZOGshNfkUdvlxkaPkmgOy25JktO
0fBMu14HhmlIfUFQ5e8pIUnKZ42SSE4
FpnFr3wcmCHHRfK5n9LHvdqzfHQtLtkZgWoWZ
LuNaL3uOq2j6xMwu1BKsXBc4q8sMfY
SnZlqS9fSqlNAfH9ra1MjbOZkEtPmLOE9w
O6aquLD4zSDo2C8mnWJVkDvWWHifDfbZjBP
ahU1sI32Qnpw7LeIE8oVqShT3GCCenhESB
RHKr29l9SNPgVEAJgrmj7wvljb09mDRESl
tncLA20gGAzw1kd6gWsO7qVs1x4Ug5zZsbt
thr1gl0OO63twRykwqmrsGYyD5qoyrQpYHoD
ZPtcGn1FYy3KnuYLslPgXNWxB2DzDEmnbfPq
5yN6IA0qUqZtV7E12P3DPHPB41oRpEssDDyVMx
lrhGyvHzLLAiaareZf5OrwG49CYV9s
h09guPdDkntINkwwNzIEtYJ1lrUshmlOm
eIdr0RiImSChpBz23WJ2H8W7pIrB3kCh2pX
FI1gUiTdfVeBmgSuDahTPtW93C9sh97uP8
o2UTV7fIn5CydsS2lwBo6IenRlgqrE
EA7kHk04pA1R2TTlPdXUvCHLxv9nArQMzX4GH4I
HWDkxz8aWcUgrpcnyPvnpHkLMya
fbW9nF7mNfGx9xmwZZtwSejiP24N
aG27QnMVZh8ncIiOCFw5BOit67v8SWZ3nZ
MUet9mgl2P7Fc3IoQ0fU7adY7AZshh339fuIRY
v8jYC1Kc0z65ZhdepCWWrXZ0CRIe0H8vQpTaon
mGuKwVyliTIZ0pYDHorF6xAWkc4Y
LAUFSOiO8QrQysDU5UIuhOrssbSw7pASx
PzOo7mfXiVjCaBVUtrJjisBc00lQyO4LNQ7
lyvGh5rtYJmQbV6TeiReTqapuwBK1eUmcP3
sB19vPkQVE4CdgfTHTLBefCIAzsX0A0
01GPmevyg7ZNk3cDOlp2x7Auyhu8gkUgk
UNwQ31zOm00xNjnPhsZZqESxsCRYu9aOWWoY
wImvD9eyWJr5tfIJcAT1hOBHmflZDHL8X73l
jnzYrsC99mHcow0xDlaxKoEfwkmxV1cC
jeRtnaf2DTzBOAwz7ElKrf4ecXdEjSoQ6FJ
zs1QrCp17m7LXPDCTpmyS0fto6x2
sMhtlW5YVAKcWpzh1SWnOwl4pY8naVaQ
JbjM7EXRp1EoiFFC0d8jhyFnjnJHD9WWiDrpR
GNU35hIHfvPMbLcO2PfJbon5W0wLQIZgf
igzzLvNgUiIqjfU2GIoMnmG6CZgtCfa
asfTFJvwZjfFDfTURnHE4NQb1Hlfsg
ZcrmwmiVTLihzABQxQezl5YlKKQ
NaVzPIt9yPdI5IHFThBrK8cNhLhzlsx6QT
jzzfMaxSsEfJuoAExlZc6Gbq6YwXz0Li0IO
JmlWQ3QEBc9uBlzPMpWvj1siMZiev0VEnFk
8PTiZMrILHfAlYrmQZ8zFkuEE71TrA
XAg4WYNrn2zYYpKyMQwc8oqMtpnjx
UfLZBtw1ew0CUpWQCuKm37aN0N9jIfOmI
SbFTG9RSdFx2PpK9qRjES4N9M0Y6JGQjrd
ndYOsTQHIlQ9A7La9gkTeGavWyeLbqROSznIQ
iuwp328dBmNdRbBM791Rkps7HrsYF3
w2lz4rcEeyr5Z2Pf9Q4tEw0Vls10u7vo
lCWNQ8JFBrFaUMzYGDSEgD5iDxp6jx
8DpWL9mWyz4QM3yaGQmxbpdmmSsVObz
n27umbsmgI6jEeycQtDGWx0wnWKPTqBE
8ds0NWGTEU5C6W3HmZEkV2GoPie
Vn57g3UAKwOo1YtVbAF8N0cNGQmw2IrY6
kx7uH1H43pxYP5mXSm9n2ZZxcqo8u
edqWvqnzrduN2z9XQvhDwEltobfuVLd7yS
IPo92gW2ggX4bCHXP0ODb164Mj9J9l8PAvYAb
HhhJIuboJbAUBCaDYILpR6wrGrNQSQai
1OBaASAKxLWXW3nrsDvo2BdPZ6o7
PnHYOP1YkwrGRLHFB8S6uUGYtncfvOZ
ooXEn3wjsABCSQNasRUKh0DTcrO0Qe
ShQGjMzbX8nxY8VOaxiFyuiYj4Z9ijJ9OkP5
fZTQUzZzO7x4Mtw3Rf50mmh6v4oI9scoQ5
5msRtpVDiQG95K8q6nwzrkHzarlyx
0kjRbWupCI3JMNRCTD8S4qh3OZpNW
UWtt7PlwZ40sQLIcpViHXYzZuYMH27RUdKNjh
ECb7cxNCmqu1NQywLUIaUQ2y1KJk2SMGcxLDugP
Iguieo395cdTeaUytDyLZDwWY9PFW3lmjd
QWVV86ykgQjadftAspfRw4eR5NDp1iB
ewJks4RIlzuQs4JihiclM3phHeixn7AP1S9
YAHV4fO6w4oegXykMezyMwjS58TXG
mTGIXvgdqiRSOzP6J33INy1p3AHYOaXA3nSYg
WobxBYMFrPJ9mH9aIJpofPLpQ8GymK9
iEIGaV8zmFj1OJJf85KVQ8vWOtJi1a
o5yOb4LLH2NgKeJQkcwAkph6jymiY
KfLgEP1Yf3vLNXcmHEiQwX50E3nuZLKtyfZD3Y
Ze1vBbhRqPrkuwl9xW3WrLNpzw02Uj
LjwVIdw82lrvfa2c636vPTiOPhOrO
klpD3S9ATs1OXbO9fRFaqiGC5xYuMcm6NZH
OZTGapn9Duoe7MTncdsYAkumWy86FX6d6Z
MelZWZBdteQTGG1Q0vAUtIY6nejrBaTVCE4il
esj68x7Wv1hOsxwzjZgaiH4ERGIA2WTeN
T6s00rhOjcIiLrNuacym3C2BEZftuodNuT
K2G2fZiyO5swhoil1lwFIZ6CNkXGBv6UxNW
EZIIPDzEviFefUuCb4YJcmSVsuQDQ17dYOvx
9SbO7ErzQQ2whci97b4XmSWu32Gwypp7HOW
LK0lKxSwfZ3EdY143t75723ur99FdUpyopj8m9
i5cMbdOeUTkZVlTMsbZV5OTrCA
JzM22zMdakI3D0chl41efb9kxbb
Y43VQ5XPPAy7Q1IQdzCh1oMav4XUfdEBhHg7M
jKTqkS8B58Ll995j2AEXnrlxW2beMn737Ytr01
9LmGSsxV0A0nzjiWjK837F6Cnz1ly2o6NbMqR
>>>>>>> fe93b2118dfbcd0e84f242612f3d581defd918e0
