==3716== Memcheck, a memory error detector
==3716== Copyright (C) 2002-2017, and GNU GPL'd, by Julian Seward et al.
==3716== Using Valgrind-3.13.0 and LibVEX; rerun with -h for copyright info
==3716== Command: build/driver.e
==3716== Parent PID: 73
==3716== 
--3716-- 
--3716-- Valgrind options:
--3716--    --leak-check=full
--3716--    --show-leak-kinds=all
--3716--    --track-origins=yes
--3716--    --verbose
--3716--    --log-file=valgrind-easy_dial.out
--3716-- Contents of /proc/version:
--3716--   Linux version 4.4.0-18362-Microsoft (Microsoft@Microsoft.com) (gcc version 5.4.0 (GCC) ) #476-Microsoft Fri Nov 01 16:53:00 PST 2019
--3716-- 
--3716-- Arch and hwcaps: AMD64, LittleEndian, amd64-cx16-lzcnt-rdtscp-sse3-avx-avx2-bmi
--3716-- Page sizes: currently 4096, max supported 4096
--3716-- Valgrind library directory: /usr/lib/valgrind
--3716-- Reading syms from /mnt/c/Users/Itiel/Insync/iludi95@gmail.com/Google Drive/easydialog/build/driver.e
--3716-- Reading syms from /lib/x86_64-linux-gnu/ld-2.27.so
--3716--   Considering /lib/x86_64-linux-gnu/ld-2.27.so ..
--3716--   .. CRC mismatch (computed 1b7c895e wanted 2943108a)
--3716--   Considering /usr/lib/debug/lib/x86_64-linux-gnu/ld-2.27.so ..
--3716--   .. CRC is valid
--3716-- Reading syms from /usr/lib/valgrind/memcheck-amd64-linux
--3716--   Considering /usr/lib/valgrind/memcheck-amd64-linux ..
--3716--   .. CRC mismatch (computed c25f395c wanted 0a9602a8)
--3716--    object doesn't have a symbol table
--3716--    object doesn't have a dynamic symbol table
--3716-- Scheduler: using generic scheduler lock implementation.
--3716-- Reading suppressions file: /usr/lib/valgrind/default.supp
==3716== embedded gdbserver: reading from /tmp/vgdb-pipe-from-vgdb-to-3716-by-itiel-on-???
==3716== embedded gdbserver: writing to   /tmp/vgdb-pipe-to-vgdb-from-3716-by-itiel-on-???
==3716== embedded gdbserver: shared mem   /tmp/vgdb-pipe-shared-mem-vgdb-3716-by-itiel-on-???
==3716== 
==3716== TO CONTROL THIS PROCESS USING vgdb (which you probably
==3716== don't want to do, unless you know exactly what you're doing,
==3716== or are doing some strange experiment):
==3716==   /usr/lib/valgrind/../../bin/vgdb --pid=3716 ...command...
==3716== 
==3716== TO DEBUG THIS PROCESS USING GDB: start GDB like this
==3716==   /path/to/gdb build/driver.e
==3716== and then give GDB the following command
==3716==   target remote | /usr/lib/valgrind/../../bin/vgdb --pid=3716
==3716== --pid is optional if only one valgrind process is running
==3716== 
==3716== error calling PR_SET_PTRACER, vgdb might block
--3716-- REDIR: 0x401f2f0 (ld-linux-x86-64.so.2:strlen) redirected to 0x58060901 (???)
--3716-- REDIR: 0x401f0d0 (ld-linux-x86-64.so.2:index) redirected to 0x5806091b (???)
--3716-- Reading syms from /usr/lib/valgrind/vgpreload_core-amd64-linux.so
--3716--   Considering /usr/lib/valgrind/vgpreload_core-amd64-linux.so ..
--3716--   .. CRC mismatch (computed 4b63d83e wanted 670599e6)
--3716--    object doesn't have a symbol table
--3716-- Reading syms from /usr/lib/valgrind/vgpreload_memcheck-amd64-linux.so
--3716--   Considering /usr/lib/valgrind/vgpreload_memcheck-amd64-linux.so ..
--3716--   .. CRC mismatch (computed a4b37bee wanted 8ad4dc94)
--3716--    object doesn't have a symbol table
==3716== WARNING: new redirection conflicts with existing -- ignoring it
--3716--     old: 0x0401f2f0 (strlen              ) R-> (0000.0) 0x58060901 ???
--3716--     new: 0x0401f2f0 (strlen              ) R-> (2007.0) 0x04c32db0 strlen
--3716-- REDIR: 0x401d360 (ld-linux-x86-64.so.2:strcmp) redirected to 0x4c33ee0 (strcmp)
--3716-- REDIR: 0x401f830 (ld-linux-x86-64.so.2:mempcpy) redirected to 0x4c374f0 (mempcpy)
--3716-- Reading syms from /mnt/c/Users/Itiel/Insync/iludi95@gmail.com/Google Drive/easydialog/lib/libesin.so
--3716-- Reading syms from /usr/lib/x86_64-linux-gnu/libstdc++.so.6.0.25
--3716--    object doesn't have a symbol table
--3716-- Reading syms from /lib/x86_64-linux-gnu/libm-2.27.so
--3716--   Considering /lib/x86_64-linux-gnu/libm-2.27.so ..
--3716--   .. CRC mismatch (computed 7feae033 wanted b29b2508)
--3716--   Considering /usr/lib/debug/lib/x86_64-linux-gnu/libm-2.27.so ..
--3716--   .. CRC is valid
--3716-- Reading syms from /lib/x86_64-linux-gnu/libgcc_s.so.1
--3716--    object doesn't have a symbol table
--3716-- Reading syms from /lib/x86_64-linux-gnu/libc-2.27.so
--3716--   Considering /lib/x86_64-linux-gnu/libc-2.27.so ..
--3716--   .. CRC mismatch (computed b1c74187 wanted 042cc048)
--3716--   Considering /usr/lib/debug/lib/x86_64-linux-gnu/libc-2.27.so ..
--3716--   .. CRC is valid
--3716-- REDIR: 0x5a8cc70 (libc.so.6:memmove) redirected to 0x4a2a6e0 (_vgnU_ifunc_wrapper)
--3716-- REDIR: 0x5a8bd40 (libc.so.6:strncpy) redirected to 0x4a2a6e0 (_vgnU_ifunc_wrapper)
--3716-- REDIR: 0x5a8cf50 (libc.so.6:strcasecmp) redirected to 0x4a2a6e0 (_vgnU_ifunc_wrapper)
--3716-- REDIR: 0x5a8b790 (libc.so.6:strcat) redirected to 0x4a2a6e0 (_vgnU_ifunc_wrapper)
--3716-- REDIR: 0x5a8bd70 (libc.so.6:rindex) redirected to 0x4a2a6e0 (_vgnU_ifunc_wrapper)
--3716-- REDIR: 0x5a8e7c0 (libc.so.6:rawmemchr) redirected to 0x4a2a6e0 (_vgnU_ifunc_wrapper)
--3716-- REDIR: 0x5a8cde0 (libc.so.6:mempcpy) redirected to 0x4a2a6e0 (_vgnU_ifunc_wrapper)
--3716-- REDIR: 0x5a8cc10 (libc.so.6:bcmp) redirected to 0x4a2a6e0 (_vgnU_ifunc_wrapper)
--3716-- REDIR: 0x5a8bd00 (libc.so.6:strncmp) redirected to 0x4a2a6e0 (_vgnU_ifunc_wrapper)
--3716-- REDIR: 0x5a8b800 (libc.so.6:strcmp) redirected to 0x4a2a6e0 (_vgnU_ifunc_wrapper)
--3716-- REDIR: 0x5a8cd40 (libc.so.6:memset) redirected to 0x4a2a6e0 (_vgnU_ifunc_wrapper)
--3716-- REDIR: 0x5aaa0f0 (libc.so.6:wcschr) redirected to 0x4a2a6e0 (_vgnU_ifunc_wrapper)
--3716-- REDIR: 0x5a8bca0 (libc.so.6:strnlen) redirected to 0x4a2a6e0 (_vgnU_ifunc_wrapper)
--3716-- REDIR: 0x5a8b870 (libc.so.6:strcspn) redirected to 0x4a2a6e0 (_vgnU_ifunc_wrapper)
--3716-- REDIR: 0x5a8cfa0 (libc.so.6:strncasecmp) redirected to 0x4a2a6e0 (_vgnU_ifunc_wrapper)
--3716-- REDIR: 0x5a8b840 (libc.so.6:strcpy) redirected to 0x4a2a6e0 (_vgnU_ifunc_wrapper)
--3716-- REDIR: 0x5a8d0e0 (libc.so.6:memcpy@@GLIBC_2.14) redirected to 0x4a2a6e0 (_vgnU_ifunc_wrapper)
--3716-- REDIR: 0x5a8bda0 (libc.so.6:strpbrk) redirected to 0x4a2a6e0 (_vgnU_ifunc_wrapper)
--3716-- REDIR: 0x5a8b7c0 (libc.so.6:index) redirected to 0x4a2a6e0 (_vgnU_ifunc_wrapper)
--3716-- REDIR: 0x5a8bc70 (libc.so.6:strlen) redirected to 0x4a2a6e0 (_vgnU_ifunc_wrapper)
--3716-- REDIR: 0x5a966c0 (libc.so.6:memrchr) redirected to 0x4a2a6e0 (_vgnU_ifunc_wrapper)
--3716-- REDIR: 0x5a8cff0 (libc.so.6:strcasecmp_l) redirected to 0x4a2a6e0 (_vgnU_ifunc_wrapper)
--3716-- REDIR: 0x5a8cbe0 (libc.so.6:memchr) redirected to 0x4a2a6e0 (_vgnU_ifunc_wrapper)
--3716-- REDIR: 0x5aaaeb0 (libc.so.6:wcslen) redirected to 0x4a2a6e0 (_vgnU_ifunc_wrapper)
--3716-- REDIR: 0x5a8c050 (libc.so.6:strspn) redirected to 0x4a2a6e0 (_vgnU_ifunc_wrapper)
--3716-- REDIR: 0x5a8cf20 (libc.so.6:stpncpy) redirected to 0x4a2a6e0 (_vgnU_ifunc_wrapper)
--3716-- REDIR: 0x5a8cef0 (libc.so.6:stpcpy) redirected to 0x4a2a6e0 (_vgnU_ifunc_wrapper)
--3716-- REDIR: 0x5a8e7f0 (libc.so.6:strchrnul) redirected to 0x4a2a6e0 (_vgnU_ifunc_wrapper)
--3716-- REDIR: 0x5a8d040 (libc.so.6:strncasecmp_l) redirected to 0x4a2a6e0 (_vgnU_ifunc_wrapper)
--3716-- REDIR: 0x5b7c3c0 (libc.so.6:__strrchr_avx2) redirected to 0x4c32730 (rindex)
--3716-- REDIR: 0x5a85070 (libc.so.6:malloc) redirected to 0x4c2faa0 (malloc)
--3716-- REDIR: 0x5b7c590 (libc.so.6:__strlen_avx2) redirected to 0x4c32cf0 (strlen)
--3716-- REDIR: 0x5b78ba0 (libc.so.6:__memcmp_avx2_movbe) redirected to 0x4c35e00 (bcmp)
--3716-- REDIR: 0x5b57d60 (libc.so.6:__strcmp_ssse3) redirected to 0x4c33da0 (strcmp)
--3716-- REDIR: 0x5b7cad0 (libc.so.6:__memcpy_avx_unaligned_erms) redirected to 0x4c366e0 (memmove)
--3716-- REDIR: 0x4e9b29a (NONE:operator new(unsigned long)) redirected to 0x4c30110 (operator new(unsigned long))
--3716-- REDIR: 0x5a88030 (libc.so.6:calloc) redirected to 0x4c31a70 (calloc)
--3716-- REDIR: 0x5a8c590 (libc.so.6:__GI_strstr) redirected to 0x4c37760 (__strstr_sse2)
--3716-- REDIR: 0x4e9b7e1 (NONE:operator new[](unsigned long)) redirected to 0x4c30830 (operator new[](unsigned long))
--3716-- REDIR: 0x5b78420 (libc.so.6:__memchr_avx2) redirected to 0x4c33f80 (memchr)
--3716-- REDIR: 0x4e9b592 (NONE:operator delete(void*)) redirected to 0x4c311d0 (operator delete(void*))
--3716-- REDIR: 0x4e9bad9 (NONE:operator delete[](void*)) redirected to 0x4c316d0 (operator delete[](void*))
--3716-- REDIR: 0x5a85950 (libc.so.6:free) redirected to 0x4c30cd0 (free)
--3716-- REDIR: 0x5b7cab0 (libc.so.6:__mempcpy_avx_unaligned_erms) redirected to 0x4c37130 (mempcpy)
--3716-- REDIR: 0x5b7c1d0 (libc.so.6:__strchrnul_avx2) redirected to 0x4c37020 (strchrnul)
==3716== 
==3716== HEAP SUMMARY:
==3716==     in use at exit: 0 bytes in 0 blocks
==3716==   total heap usage: 9,108 allocs, 9,108 frees, 710,377 bytes allocated
==3716== 
==3716== All heap blocks were freed -- no leaks are possible
==3716== 
==3716== ERROR SUMMARY: 0 errors from 0 contexts (suppressed: 0 from 0)
==3716== ERROR SUMMARY: 0 errors from 0 contexts (suppressed: 0 from 0)
